2025-11-13 11:30:38,648 - INFO - 使用设备：cuda
2025-11-13 11:30:38,895 - INFO - 
数据集加载完成：
2025-11-13 11:30:38,895 - INFO - 训练集：16张图像 | 验证集：2张图像 | 测试集：20张图像
2025-11-13 11:30:39,113 - INFO - CAR-UNet模型初始化完成
2025-11-13 11:30:39,114 - INFO - 
开始训练CAR-UNet（共100轮）：
2025-11-13 11:31:06,108 - INFO - 使用设备：cuda
2025-11-13 11:31:06,350 - INFO - 
数据集加载完成：
2025-11-13 11:31:06,350 - INFO - 训练集：16张图像 | 验证集：2张图像 | 测试集：20张图像
2025-11-13 11:31:34,385 - INFO - 使用设备：cuda
2025-11-13 11:31:34,629 - INFO - 
数据集加载完成：
2025-11-13 11:31:34,630 - INFO - 训练集：16张图像 | 验证集：2张图像 | 测试集：20张图像
2025-11-13 11:31:34,819 - INFO - CAR-UNet模型初始化完成
2025-11-13 11:31:34,821 - INFO - 
开始训练CAR-UNet（共100轮）：
2025-11-13 11:31:36,094 - INFO - Epoch 1/100 | Batch 5/8 | Train Loss: 0.7742
2025-11-13 11:31:36,492 - INFO - 
Epoch 1/100 | 平均训练损失：0.7523
2025-11-13 11:31:36,754 - INFO - Epoch 1/100 | 验证集指标（裁剪后）：
2025-11-13 11:31:36,754 - INFO - 平均IoU：0.0000 | 平均Dice：0.0000 | 平均F1：0.0000
2025-11-13 11:31:37,493 - INFO - Epoch 2/100 | Batch 5/8 | Train Loss: 0.6973
2025-11-13 11:31:37,896 - INFO - 
Epoch 2/100 | 平均训练损失：0.6949
2025-11-13 11:31:38,113 - INFO - Epoch 2/100 | 验证集指标（裁剪后）：
2025-11-13 11:31:38,114 - INFO - 平均IoU：0.0000 | 平均Dice：0.0000 | 平均F1：0.0000
2025-11-13 11:31:38,856 - INFO - Epoch 3/100 | Batch 5/8 | Train Loss: 0.6621
2025-11-13 11:31:39,260 - INFO - 
Epoch 3/100 | 平均训练损失：0.6580
2025-11-13 11:31:39,478 - INFO - Epoch 3/100 | 验证集指标（裁剪后）：
2025-11-13 11:31:39,479 - INFO - 平均IoU：0.0000 | 平均Dice：0.0000 | 平均F1：0.0000
2025-11-13 11:31:40,224 - INFO - Epoch 4/100 | Batch 5/8 | Train Loss: 0.5551
2025-11-13 11:31:40,634 - INFO - 
Epoch 4/100 | 平均训练损失：0.5776
2025-11-13 11:31:40,866 - INFO - Epoch 4/100 | 验证集指标（裁剪后）：
2025-11-13 11:31:40,866 - INFO - 平均IoU：0.0000 | 平均Dice：0.0000 | 平均F1：0.0000
2025-11-13 11:31:41,612 - INFO - Epoch 5/100 | Batch 5/8 | Train Loss: 0.4959
2025-11-13 11:31:42,014 - INFO - 
Epoch 5/100 | 平均训练损失：0.5352
2025-11-13 11:31:42,234 - INFO - Epoch 5/100 | 验证集指标（裁剪后）：
2025-11-13 11:31:42,235 - INFO - 平均IoU：0.0000 | 平均Dice：0.0000 | 平均F1：0.0000
2025-11-13 11:31:42,979 - INFO - Epoch 6/100 | Batch 5/8 | Train Loss: 0.4992
2025-11-13 11:31:43,383 - INFO - 
Epoch 6/100 | 平均训练损失：0.4875
2025-11-13 11:31:43,593 - INFO - Epoch 6/100 | 验证集指标（裁剪后）：
2025-11-13 11:31:43,593 - INFO - 平均IoU：0.0000 | 平均Dice：0.0000 | 平均F1：0.0000
2025-11-13 11:31:44,328 - INFO - Epoch 7/100 | Batch 5/8 | Train Loss: 0.4157
2025-11-13 11:34:25,998 - INFO - 使用设备：cuda
2025-11-13 11:34:26,241 - INFO - 
数据集加载完成：
2025-11-13 11:34:26,242 - INFO - 训练集：16张图像 | 验证集：2张图像 | 测试集：20张图像
2025-11-13 11:34:26,437 - INFO - CAR-UNet模型初始化完成
2025-11-13 11:34:26,438 - INFO - 
开始训练CAR-UNet（共100轮）：
2025-11-13 11:34:27,699 - INFO - Epoch 1/100 | Batch 5/8 | Train Loss: 0.6619
2025-11-13 11:34:28,101 - INFO - 
Epoch 1/100 | 平均训练损失：0.6797
2025-11-13 11:34:28,370 - INFO - Epoch 1/100 | 验证集指标（裁剪后）：
2025-11-13 11:34:28,370 - INFO - 平均IoU：0.0000 | 平均Dice：0.0000 | 平均F1：0.0000
2025-11-13 11:34:29,120 - INFO - Epoch 2/100 | Batch 5/8 | Train Loss: 0.6022
2025-11-13 11:34:29,529 - INFO - 
Epoch 2/100 | 平均训练损失：0.5967
2025-11-13 11:34:29,758 - INFO - Epoch 2/100 | 验证集指标（裁剪后）：
2025-11-13 11:34:29,758 - INFO - 平均IoU：0.0000 | 平均Dice：0.0000 | 平均F1：0.0000
2025-11-13 11:34:30,506 - INFO - Epoch 3/100 | Batch 5/8 | Train Loss: 0.5330
2025-11-13 11:34:30,914 - INFO - 
Epoch 3/100 | 平均训练损失：0.5332
2025-11-13 11:34:31,143 - INFO - Epoch 3/100 | 验证集指标（裁剪后）：
2025-11-13 11:34:31,144 - INFO - 平均IoU：0.0000 | 平均Dice：0.0000 | 平均F1：0.0000
2025-11-13 11:34:31,889 - INFO - Epoch 4/100 | Batch 5/8 | Train Loss: 0.4921
2025-11-13 11:34:32,295 - INFO - 
Epoch 4/100 | 平均训练损失：0.4960
2025-11-13 11:34:32,526 - INFO - Epoch 4/100 | 验证集指标（裁剪后）：
2025-11-13 11:34:32,527 - INFO - 平均IoU：0.0000 | 平均Dice：0.0000 | 平均F1：0.0000
2025-11-13 11:34:33,275 - INFO - Epoch 5/100 | Batch 5/8 | Train Loss: 0.4568
2025-11-13 11:34:33,687 - INFO - 
Epoch 5/100 | 平均训练损失：0.4626
2025-11-13 11:34:33,914 - INFO - Epoch 5/100 | 验证集指标（裁剪后）：
2025-11-13 11:34:33,915 - INFO - 平均IoU：0.0000 | 平均Dice：0.0000 | 平均F1：0.0000
2025-11-13 11:34:34,664 - INFO - Epoch 6/100 | Batch 5/8 | Train Loss: 0.4361
2025-11-13 11:34:35,075 - INFO - 
Epoch 6/100 | 平均训练损失：0.4343
2025-11-13 11:34:35,307 - INFO - Epoch 6/100 | 验证集指标（裁剪后）：
2025-11-13 11:34:35,307 - INFO - 平均IoU：0.0000 | 平均Dice：0.0000 | 平均F1：0.0000
2025-11-13 11:34:36,067 - INFO - Epoch 7/100 | Batch 5/8 | Train Loss: 0.4003
2025-11-13 11:34:36,477 - INFO - 
Epoch 7/100 | 平均训练损失：0.4067
2025-11-13 11:34:36,709 - INFO - Epoch 7/100 | 验证集指标（裁剪后）：
2025-11-13 11:34:36,709 - INFO - 平均IoU：0.0000 | 平均Dice：0.0000 | 平均F1：0.0000
2025-11-13 11:34:37,459 - INFO - Epoch 8/100 | Batch 5/8 | Train Loss: 0.3810
2025-11-13 11:34:37,869 - INFO - 
Epoch 8/100 | 平均训练损失：0.3897
2025-11-13 11:34:38,098 - INFO - Epoch 8/100 | 验证集指标（裁剪后）：
2025-11-13 11:34:38,098 - INFO - 平均IoU：0.0000 | 平均Dice：0.0000 | 平均F1：0.0000
2025-11-13 11:34:38,846 - INFO - Epoch 9/100 | Batch 5/8 | Train Loss: 0.3773
2025-11-13 11:34:39,257 - INFO - 
Epoch 9/100 | 平均训练损失：0.3803
2025-11-13 11:34:39,485 - INFO - Epoch 9/100 | 验证集指标（裁剪后）：
2025-11-13 11:34:39,486 - INFO - 平均IoU：0.0000 | 平均Dice：0.0000 | 平均F1：0.0000
2025-11-13 11:34:40,235 - INFO - Epoch 10/100 | Batch 5/8 | Train Loss: 0.3661
2025-11-13 11:34:40,645 - INFO - 
Epoch 10/100 | 平均训练损失：0.3712
2025-11-13 11:34:40,871 - INFO - Epoch 10/100 | 验证集指标（裁剪后）：
2025-11-13 11:34:40,871 - INFO - 平均IoU：0.0000 | 平均Dice：0.0000 | 平均F1：0.0000
2025-11-13 11:34:41,626 - INFO - Epoch 11/100 | Batch 5/8 | Train Loss: 0.3595
2025-11-13 11:34:42,036 - INFO - 
Epoch 11/100 | 平均训练损失：0.3626
2025-11-13 11:34:42,264 - INFO - Epoch 11/100 | 验证集指标（裁剪后）：
2025-11-13 11:34:42,264 - INFO - 平均IoU：0.0000 | 平均Dice：0.0000 | 平均F1：0.0000
2025-11-13 11:34:43,016 - INFO - Epoch 12/100 | Batch 5/8 | Train Loss: 0.3553
2025-11-13 11:34:43,427 - INFO - 
Epoch 12/100 | 平均训练损失：0.3543
2025-11-13 11:34:43,658 - INFO - Epoch 12/100 | 验证集指标（裁剪后）：
2025-11-13 11:34:43,658 - INFO - 平均IoU：0.0000 | 平均Dice：0.0000 | 平均F1：0.0000
2025-11-13 11:34:44,407 - INFO - Epoch 13/100 | Batch 5/8 | Train Loss: 0.3545
2025-11-13 11:34:44,817 - INFO - 
Epoch 13/100 | 平均训练损失：0.3470
2025-11-13 11:34:45,049 - INFO - Epoch 13/100 | 验证集指标（裁剪后）：
2025-11-13 11:34:45,049 - INFO - 平均IoU：0.0000 | 平均Dice：0.0000 | 平均F1：0.0000
2025-11-13 11:34:45,797 - INFO - Epoch 14/100 | Batch 5/8 | Train Loss: 0.3440
2025-11-13 11:34:46,208 - INFO - 
Epoch 14/100 | 平均训练损失：0.3408
2025-11-13 11:34:46,438 - INFO - Epoch 14/100 | 验证集指标（裁剪后）：
2025-11-13 11:34:46,438 - INFO - 平均IoU：0.0000 | 平均Dice：0.0000 | 平均F1：0.0000
2025-11-13 11:34:47,191 - INFO - Epoch 15/100 | Batch 5/8 | Train Loss: 0.3426
2025-11-13 11:34:47,602 - INFO - 
Epoch 15/100 | 平均训练损失：0.3379
2025-11-13 11:34:47,833 - INFO - Epoch 15/100 | 验证集指标（裁剪后）：
2025-11-13 11:34:47,833 - INFO - 平均IoU：0.0000 | 平均Dice：0.0000 | 平均F1：0.0000
2025-11-13 11:34:48,613 - INFO - Epoch 16/100 | Batch 5/8 | Train Loss: 0.3359
2025-11-13 11:34:49,023 - INFO - 
Epoch 16/100 | 平均训练损失：0.3349
2025-11-13 11:34:49,250 - INFO - Epoch 16/100 | 验证集指标（裁剪后）：
2025-11-13 11:34:49,250 - INFO - 平均IoU：0.0000 | 平均Dice：0.0000 | 平均F1：0.0000
2025-11-13 11:34:50,003 - INFO - Epoch 17/100 | Batch 5/8 | Train Loss: 0.3288
2025-11-13 11:34:50,412 - INFO - 
Epoch 17/100 | 平均训练损失：0.3323
2025-11-13 11:34:50,643 - INFO - Epoch 17/100 | 验证集指标（裁剪后）：
2025-11-13 11:34:50,644 - INFO - 平均IoU：0.0000 | 平均Dice：0.0000 | 平均F1：0.0000
2025-11-13 11:34:51,396 - INFO - Epoch 18/100 | Batch 5/8 | Train Loss: 0.3214
2025-11-13 11:34:51,807 - INFO - 
Epoch 18/100 | 平均训练损失：0.3293
2025-11-13 11:34:52,037 - INFO - Epoch 18/100 | 验证集指标（裁剪后）：
2025-11-13 11:34:52,037 - INFO - 平均IoU：0.0000 | 平均Dice：0.0000 | 平均F1：0.0000
2025-11-13 11:34:52,788 - INFO - Epoch 19/100 | Batch 5/8 | Train Loss: 0.3258
2025-11-13 11:34:53,197 - INFO - 
Epoch 19/100 | 平均训练损失：0.3266
2025-11-13 11:34:53,429 - INFO - Epoch 19/100 | 验证集指标（裁剪后）：
2025-11-13 11:34:53,429 - INFO - 平均IoU：0.0000 | 平均Dice：0.0000 | 平均F1：0.0000
2025-11-13 11:34:54,184 - INFO - Epoch 20/100 | Batch 5/8 | Train Loss: 0.3149
2025-11-13 11:34:54,595 - INFO - 
Epoch 20/100 | 平均训练损失：0.3242
2025-11-13 11:34:54,826 - INFO - Epoch 20/100 | 验证集指标（裁剪后）：
2025-11-13 11:34:54,826 - INFO - 平均IoU：0.0000 | 平均Dice：0.0000 | 平均F1：0.0000
2025-11-13 11:34:55,574 - INFO - Epoch 21/100 | Batch 5/8 | Train Loss: 0.3222
2025-11-13 11:34:55,985 - INFO - 
Epoch 21/100 | 平均训练损失：0.3236
2025-11-13 11:34:56,227 - INFO - Epoch 21/100 | 验证集指标（裁剪后）：
2025-11-13 11:34:56,227 - INFO - 平均IoU：0.0000 | 平均Dice：0.0000 | 平均F1：0.0000
2025-11-13 11:34:56,989 - INFO - Epoch 22/100 | Batch 5/8 | Train Loss: 0.3151
2025-11-13 11:34:57,398 - INFO - 
Epoch 22/100 | 平均训练损失：0.3235
2025-11-13 11:34:57,662 - INFO - Epoch 22/100 | 验证集指标（裁剪后）：
2025-11-13 11:34:57,662 - INFO - 平均IoU：0.0000 | 平均Dice：0.0000 | 平均F1：0.0000
2025-11-13 11:34:58,419 - INFO - Epoch 23/100 | Batch 5/8 | Train Loss: 0.3075
2025-11-13 11:34:58,829 - INFO - 
Epoch 23/100 | 平均训练损失：0.3212
2025-11-13 11:34:59,057 - INFO - Epoch 23/100 | 验证集指标（裁剪后）：
2025-11-13 11:34:59,058 - INFO - 平均IoU：0.0000 | 平均Dice：0.0000 | 平均F1：0.0000
2025-11-13 11:34:59,807 - INFO - Epoch 24/100 | Batch 5/8 | Train Loss: 0.3182
2025-11-13 11:35:00,217 - INFO - 
Epoch 24/100 | 平均训练损失：0.3200
2025-11-13 11:35:00,448 - INFO - Epoch 24/100 | 验证集指标（裁剪后）：
2025-11-13 11:35:00,448 - INFO - 平均IoU：0.0000 | 平均Dice：0.0000 | 平均F1：0.0000
2025-11-13 11:35:01,200 - INFO - Epoch 25/100 | Batch 5/8 | Train Loss: 0.3264
2025-11-13 11:35:01,610 - INFO - 
Epoch 25/100 | 平均训练损失：0.3181
2025-11-13 11:35:01,841 - INFO - Epoch 25/100 | 验证集指标（裁剪后）：
2025-11-13 11:35:01,841 - INFO - 平均IoU：0.0000 | 平均Dice：0.0000 | 平均F1：0.0000
2025-11-13 11:35:02,589 - INFO - Epoch 26/100 | Batch 5/8 | Train Loss: 0.3234
2025-11-13 11:35:03,000 - INFO - 
Epoch 26/100 | 平均训练损失：0.3179
2025-11-13 11:35:03,295 - INFO - Epoch 26/100 | 验证集指标（裁剪后）：
2025-11-13 11:35:03,295 - INFO - 平均IoU：0.0000 | 平均Dice：0.0000 | 平均F1：0.0000
2025-11-13 11:35:04,067 - INFO - Epoch 27/100 | Batch 5/8 | Train Loss: 0.3155
2025-11-13 11:35:04,480 - INFO - 
Epoch 27/100 | 平均训练损失：0.3168
2025-11-13 11:35:04,722 - INFO - Epoch 27/100 | 验证集指标（裁剪后）：
2025-11-13 11:35:04,722 - INFO - 平均IoU：0.0000 | 平均Dice：0.0000 | 平均F1：0.0000
2025-11-13 11:35:05,480 - INFO - Epoch 28/100 | Batch 5/8 | Train Loss: 0.3238
2025-11-13 11:35:05,891 - INFO - 
Epoch 28/100 | 平均训练损失：0.3174
2025-11-13 11:35:06,121 - INFO - Epoch 28/100 | 验证集指标（裁剪后）：
2025-11-13 11:35:06,122 - INFO - 平均IoU：0.0000 | 平均Dice：0.0000 | 平均F1：0.0000
2025-11-13 11:35:06,881 - INFO - Epoch 29/100 | Batch 5/8 | Train Loss: 0.3179
2025-11-13 11:35:07,292 - INFO - 
Epoch 29/100 | 平均训练损失：0.3158
2025-11-13 11:35:07,525 - INFO - Epoch 29/100 | 验证集指标（裁剪后）：
2025-11-13 11:35:07,526 - INFO - 平均IoU：0.0000 | 平均Dice：0.0000 | 平均F1：0.0000
2025-11-13 11:35:08,325 - INFO - Epoch 30/100 | Batch 5/8 | Train Loss: 0.3081
2025-11-13 11:35:08,740 - INFO - 
Epoch 30/100 | 平均训练损失：0.3162
2025-11-13 11:35:08,974 - INFO - Epoch 30/100 | 验证集指标（裁剪后）：
2025-11-13 11:35:08,974 - INFO - 平均IoU：0.0000 | 平均Dice：0.0000 | 平均F1：0.0000
2025-11-13 11:35:09,724 - INFO - Epoch 31/100 | Batch 5/8 | Train Loss: 0.3163
2025-11-13 11:35:10,138 - INFO - 
Epoch 31/100 | 平均训练损失：0.3153
2025-11-13 11:35:10,370 - INFO - Epoch 31/100 | 验证集指标（裁剪后）：
2025-11-13 11:35:10,370 - INFO - 平均IoU：0.0000 | 平均Dice：0.0000 | 平均F1：0.0000
2025-11-13 11:35:11,131 - INFO - Epoch 32/100 | Batch 5/8 | Train Loss: 0.3100
2025-11-13 11:35:11,543 - INFO - 
Epoch 32/100 | 平均训练损失：0.3149
2025-11-13 11:35:11,776 - INFO - Epoch 32/100 | 验证集指标（裁剪后）：
2025-11-13 11:35:11,776 - INFO - 平均IoU：0.0000 | 平均Dice：0.0000 | 平均F1：0.0000
2025-11-13 11:35:12,536 - INFO - Epoch 33/100 | Batch 5/8 | Train Loss: 0.3081
2025-11-13 11:35:12,947 - INFO - 
Epoch 33/100 | 平均训练损失：0.3146
2025-11-13 11:35:13,175 - INFO - Epoch 33/100 | 验证集指标（裁剪后）：
2025-11-13 11:35:13,176 - INFO - 平均IoU：0.0000 | 平均Dice：0.0000 | 平均F1：0.0000
2025-11-13 11:35:13,925 - INFO - Epoch 34/100 | Batch 5/8 | Train Loss: 0.3096
2025-11-13 11:35:14,336 - INFO - 
Epoch 34/100 | 平均训练损失：0.3149
2025-11-13 11:35:14,569 - INFO - Epoch 34/100 | 验证集指标（裁剪后）：
2025-11-13 11:35:14,570 - INFO - 平均IoU：0.0000 | 平均Dice：0.0000 | 平均F1：0.0000
2025-11-13 11:35:15,375 - INFO - Epoch 35/100 | Batch 5/8 | Train Loss: 0.3127
2025-11-13 11:35:15,785 - INFO - 
Epoch 35/100 | 平均训练损失：0.3142
2025-11-13 11:35:16,017 - INFO - Epoch 35/100 | 验证集指标（裁剪后）：
2025-11-13 11:35:16,018 - INFO - 平均IoU：0.0000 | 平均Dice：0.0000 | 平均F1：0.0000
2025-11-13 11:35:16,775 - INFO - Epoch 36/100 | Batch 5/8 | Train Loss: 0.3154
2025-11-13 11:35:17,187 - INFO - 
Epoch 36/100 | 平均训练损失：0.3148
2025-11-13 11:35:17,420 - INFO - Epoch 36/100 | 验证集指标（裁剪后）：
2025-11-13 11:35:17,420 - INFO - 平均IoU：0.0000 | 平均Dice：0.0000 | 平均F1：0.0000
2025-11-13 11:35:18,197 - INFO - Epoch 37/100 | Batch 5/8 | Train Loss: 0.3093
2025-11-13 11:35:18,609 - INFO - 
Epoch 37/100 | 平均训练损失：0.3144
2025-11-13 11:35:18,836 - INFO - Epoch 37/100 | 验证集指标（裁剪后）：
2025-11-13 11:35:18,836 - INFO - 平均IoU：0.0000 | 平均Dice：0.0000 | 平均F1：0.0000
2025-11-13 11:35:19,591 - INFO - Epoch 38/100 | Batch 5/8 | Train Loss: 0.3180
2025-11-13 11:35:20,001 - INFO - 
Epoch 38/100 | 平均训练损失：0.3135
2025-11-13 11:35:20,228 - INFO - Epoch 38/100 | 验证集指标（裁剪后）：
2025-11-13 11:35:20,228 - INFO - 平均IoU：0.0000 | 平均Dice：0.0000 | 平均F1：0.0000
2025-11-13 11:35:20,981 - INFO - Epoch 39/100 | Batch 5/8 | Train Loss: 0.3114
2025-11-13 11:35:21,392 - INFO - 
Epoch 39/100 | 平均训练损失：0.3132
2025-11-13 11:35:21,629 - INFO - Epoch 39/100 | 验证集指标（裁剪后）：
2025-11-13 11:35:21,629 - INFO - 平均IoU：0.0000 | 平均Dice：0.0000 | 平均F1：0.0000
2025-11-13 11:35:22,378 - INFO - Epoch 40/100 | Batch 5/8 | Train Loss: 0.3110
2025-11-13 11:35:22,789 - INFO - 
Epoch 40/100 | 平均训练损失：0.3137
2025-11-13 11:35:23,014 - INFO - Epoch 40/100 | 验证集指标（裁剪后）：
2025-11-13 11:35:23,015 - INFO - 平均IoU：0.0000 | 平均Dice：0.0000 | 平均F1：0.0000
2025-11-13 11:35:23,777 - INFO - Epoch 41/100 | Batch 5/8 | Train Loss: 0.3208
2025-11-13 11:35:24,189 - INFO - 
Epoch 41/100 | 平均训练损失：0.3139
2025-11-13 11:35:24,417 - INFO - Epoch 41/100 | 验证集指标（裁剪后）：
2025-11-13 11:35:24,417 - INFO - 平均IoU：0.0000 | 平均Dice：0.0000 | 平均F1：0.0000
2025-11-13 11:35:25,167 - INFO - Epoch 42/100 | Batch 5/8 | Train Loss: 0.3190
2025-11-13 11:35:25,578 - INFO - 
Epoch 42/100 | 平均训练损失：0.3136
2025-11-13 11:35:25,808 - INFO - Epoch 42/100 | 验证集指标（裁剪后）：
2025-11-13 11:35:25,808 - INFO - 平均IoU：0.0000 | 平均Dice：0.0000 | 平均F1：0.0000
2025-11-13 11:35:26,568 - INFO - Epoch 43/100 | Batch 5/8 | Train Loss: 0.3123
2025-11-13 11:35:26,979 - INFO - 
Epoch 43/100 | 平均训练损失：0.3136
2025-11-13 11:35:27,206 - INFO - Epoch 43/100 | 验证集指标（裁剪后）：
2025-11-13 11:35:27,206 - INFO - 平均IoU：0.0000 | 平均Dice：0.0000 | 平均F1：0.0000
2025-11-13 11:35:27,959 - INFO - Epoch 44/100 | Batch 5/8 | Train Loss: 0.3093
2025-11-13 11:35:28,370 - INFO - 
Epoch 44/100 | 平均训练损失：0.3135
2025-11-13 11:35:28,604 - INFO - Epoch 44/100 | 验证集指标（裁剪后）：
2025-11-13 11:35:28,604 - INFO - 平均IoU：0.0000 | 平均Dice：0.0000 | 平均F1：0.0000
2025-11-13 11:35:29,359 - INFO - Epoch 45/100 | Batch 5/8 | Train Loss: 0.3115
2025-11-13 11:35:29,770 - INFO - 
Epoch 45/100 | 平均训练损失：0.3132
2025-11-13 11:35:30,045 - INFO - Epoch 45/100 | 验证集指标（裁剪后）：
2025-11-13 11:35:30,045 - INFO - 平均IoU：0.0000 | 平均Dice：0.0000 | 平均F1：0.0000
2025-11-13 11:35:30,796 - INFO - Epoch 46/100 | Batch 5/8 | Train Loss: 0.3199
2025-11-13 11:35:31,207 - INFO - 
Epoch 46/100 | 平均训练损失：0.3139
2025-11-13 11:35:31,441 - INFO - Epoch 46/100 | 验证集指标（裁剪后）：
2025-11-13 11:35:31,441 - INFO - 平均IoU：0.0000 | 平均Dice：0.0000 | 平均F1：0.0000
2025-11-13 11:35:32,188 - INFO - Epoch 47/100 | Batch 5/8 | Train Loss: 0.3152
2025-11-13 11:35:32,599 - INFO - 
Epoch 47/100 | 平均训练损失：0.3135
2025-11-13 11:35:32,825 - INFO - Epoch 47/100 | 验证集指标（裁剪后）：
2025-11-13 11:35:32,825 - INFO - 平均IoU：0.0000 | 平均Dice：0.0000 | 平均F1：0.0000
2025-11-13 11:35:33,610 - INFO - Epoch 48/100 | Batch 5/8 | Train Loss: 0.3125
2025-11-13 11:35:34,022 - INFO - 
Epoch 48/100 | 平均训练损失：0.3137
2025-11-13 11:35:34,253 - INFO - Epoch 48/100 | 验证集指标（裁剪后）：
2025-11-13 11:35:34,253 - INFO - 平均IoU：0.0000 | 平均Dice：0.0000 | 平均F1：0.0000
2025-11-13 11:35:35,003 - INFO - Epoch 49/100 | Batch 5/8 | Train Loss: 0.3173
2025-11-13 11:35:35,415 - INFO - 
Epoch 49/100 | 平均训练损失：0.3132
2025-11-13 11:35:35,645 - INFO - Epoch 49/100 | 验证集指标（裁剪后）：
2025-11-13 11:35:35,645 - INFO - 平均IoU：0.0000 | 平均Dice：0.0000 | 平均F1：0.0000
2025-11-13 11:35:36,398 - INFO - Epoch 50/100 | Batch 5/8 | Train Loss: 0.3120
2025-11-13 11:35:36,809 - INFO - 
Epoch 50/100 | 平均训练损失：0.3131
2025-11-13 11:35:37,045 - INFO - Epoch 50/100 | 验证集指标（裁剪后）：
2025-11-13 11:35:37,046 - INFO - 平均IoU：0.0000 | 平均Dice：0.0000 | 平均F1：0.0000
2025-11-13 11:35:37,801 - INFO - Epoch 51/100 | Batch 5/8 | Train Loss: 0.3169
2025-11-13 11:35:38,213 - INFO - 
Epoch 51/100 | 平均训练损失：0.3127
2025-11-13 11:35:38,443 - INFO - Epoch 51/100 | 验证集指标（裁剪后）：
2025-11-13 11:35:38,444 - INFO - 平均IoU：0.0000 | 平均Dice：0.0000 | 平均F1：0.0000
2025-11-13 11:35:39,202 - INFO - Epoch 52/100 | Batch 5/8 | Train Loss: 0.3090
2025-11-13 11:35:39,613 - INFO - 
Epoch 52/100 | 平均训练损失：0.3128
2025-11-13 11:35:39,843 - INFO - Epoch 52/100 | 验证集指标（裁剪后）：
2025-11-13 11:35:39,843 - INFO - 平均IoU：0.0000 | 平均Dice：0.0000 | 平均F1：0.0000
2025-11-13 11:35:40,618 - INFO - Epoch 53/100 | Batch 5/8 | Train Loss: 0.3043
2025-11-13 11:35:41,028 - INFO - 
Epoch 53/100 | 平均训练损失：0.3132
2025-11-13 11:35:41,256 - INFO - Epoch 53/100 | 验证集指标（裁剪后）：
2025-11-13 11:35:41,256 - INFO - 平均IoU：0.0000 | 平均Dice：0.0000 | 平均F1：0.0000
2025-11-13 11:35:42,009 - INFO - Epoch 54/100 | Batch 5/8 | Train Loss: 0.3119
2025-11-13 11:35:42,420 - INFO - 
Epoch 54/100 | 平均训练损失：0.3134
2025-11-13 11:35:42,651 - INFO - Epoch 54/100 | 验证集指标（裁剪后）：
2025-11-13 11:35:42,651 - INFO - 平均IoU：0.0000 | 平均Dice：0.0000 | 平均F1：0.0000
2025-11-13 11:35:43,405 - INFO - Epoch 55/100 | Batch 5/8 | Train Loss: 0.3038
2025-11-13 11:35:43,816 - INFO - 
Epoch 55/100 | 平均训练损失：0.3133
2025-11-13 11:35:44,046 - INFO - Epoch 55/100 | 验证集指标（裁剪后）：
2025-11-13 11:35:44,046 - INFO - 平均IoU：0.0000 | 平均Dice：0.0000 | 平均F1：0.0000
2025-11-13 11:35:44,801 - INFO - Epoch 56/100 | Batch 5/8 | Train Loss: 0.3138
2025-11-13 11:35:45,212 - INFO - 
Epoch 56/100 | 平均训练损失：0.3135
2025-11-13 11:35:45,441 - INFO - Epoch 56/100 | 验证集指标（裁剪后）：
2025-11-13 11:35:45,441 - INFO - 平均IoU：0.0000 | 平均Dice：0.0000 | 平均F1：0.0000
2025-11-13 11:35:46,194 - INFO - Epoch 57/100 | Batch 5/8 | Train Loss: 0.3112
2025-11-13 11:35:46,605 - INFO - 
Epoch 57/100 | 平均训练损失：0.3128
2025-11-13 11:35:46,836 - INFO - Epoch 57/100 | 验证集指标（裁剪后）：
2025-11-13 11:35:46,837 - INFO - 平均IoU：0.0000 | 平均Dice：0.0000 | 平均F1：0.0000
2025-11-13 11:35:47,597 - INFO - Epoch 58/100 | Batch 5/8 | Train Loss: 0.3117
2025-11-13 11:35:48,008 - INFO - 
Epoch 58/100 | 平均训练损失：0.3134
2025-11-13 11:35:48,242 - INFO - Epoch 58/100 | 验证集指标（裁剪后）：
2025-11-13 11:35:48,242 - INFO - 平均IoU：0.0000 | 平均Dice：0.0000 | 平均F1：0.0000
2025-11-13 11:35:48,991 - INFO - Epoch 59/100 | Batch 5/8 | Train Loss: 0.3107
2025-11-13 11:35:49,402 - INFO - 
Epoch 59/100 | 平均训练损失：0.3132
2025-11-13 11:35:49,631 - INFO - Epoch 59/100 | 验证集指标（裁剪后）：
2025-11-13 11:35:49,631 - INFO - 平均IoU：0.0000 | 平均Dice：0.0000 | 平均F1：0.0000
2025-11-13 11:35:50,387 - INFO - Epoch 60/100 | Batch 5/8 | Train Loss: 0.3117
2025-11-13 11:35:50,799 - INFO - 
Epoch 60/100 | 平均训练损失：0.3131
2025-11-13 11:35:51,031 - INFO - Epoch 60/100 | 验证集指标（裁剪后）：
2025-11-13 11:35:51,032 - INFO - 平均IoU：0.0000 | 平均Dice：0.0000 | 平均F1：0.0000
2025-11-13 11:35:51,787 - INFO - Epoch 61/100 | Batch 5/8 | Train Loss: 0.3051
2025-11-13 11:35:52,198 - INFO - 
Epoch 61/100 | 平均训练损失：0.3133
2025-11-13 11:35:52,426 - INFO - Epoch 61/100 | 验证集指标（裁剪后）：
2025-11-13 11:35:52,426 - INFO - 平均IoU：0.0000 | 平均Dice：0.0000 | 平均F1：0.0000
2025-11-13 11:35:53,181 - INFO - Epoch 62/100 | Batch 5/8 | Train Loss: 0.3153
2025-11-13 11:35:53,592 - INFO - 
Epoch 62/100 | 平均训练损失：0.3132
2025-11-13 11:35:53,825 - INFO - Epoch 62/100 | 验证集指标（裁剪后）：
2025-11-13 11:35:53,825 - INFO - 平均IoU：0.0000 | 平均Dice：0.0000 | 平均F1：0.0000
2025-11-13 11:35:54,585 - INFO - Epoch 63/100 | Batch 5/8 | Train Loss: 0.3228
2025-11-13 11:35:54,996 - INFO - 
Epoch 63/100 | 平均训练损失：0.3126
2025-11-13 11:35:55,227 - INFO - Epoch 63/100 | 验证集指标（裁剪后）：
2025-11-13 11:35:55,227 - INFO - 平均IoU：0.0000 | 平均Dice：0.0000 | 平均F1：0.0000
2025-11-13 11:35:55,999 - INFO - Epoch 64/100 | Batch 5/8 | Train Loss: 0.3129
2025-11-13 11:35:56,411 - INFO - 
Epoch 64/100 | 平均训练损失：0.3139
2025-11-13 11:35:56,638 - INFO - Epoch 64/100 | 验证集指标（裁剪后）：
2025-11-13 11:35:56,639 - INFO - 平均IoU：0.0000 | 平均Dice：0.0000 | 平均F1：0.0000
2025-11-13 11:35:57,383 - INFO - Epoch 65/100 | Batch 5/8 | Train Loss: 0.3115
2025-11-13 11:35:57,792 - INFO - 
Epoch 65/100 | 平均训练损失：0.3122
2025-11-13 11:35:58,017 - INFO - Epoch 65/100 | 验证集指标（裁剪后）：
2025-11-13 11:35:58,017 - INFO - 平均IoU：0.0000 | 平均Dice：0.0000 | 平均F1：0.0000
2025-11-13 11:35:58,778 - INFO - Epoch 66/100 | Batch 5/8 | Train Loss: 0.3175
2025-11-13 11:35:59,189 - INFO - 
Epoch 66/100 | 平均训练损失：0.3125
2025-11-13 11:35:59,415 - INFO - Epoch 66/100 | 验证集指标（裁剪后）：
2025-11-13 11:35:59,416 - INFO - 平均IoU：0.0000 | 平均Dice：0.0000 | 平均F1：0.0000
2025-11-13 11:36:00,165 - INFO - Epoch 67/100 | Batch 5/8 | Train Loss: 0.3118
2025-11-13 11:36:00,573 - INFO - 
Epoch 67/100 | 平均训练损失：0.3121
2025-11-13 11:36:00,807 - INFO - Epoch 67/100 | 验证集指标（裁剪后）：
2025-11-13 11:36:00,807 - INFO - 平均IoU：0.0000 | 平均Dice：0.0000 | 平均F1：0.0000
2025-11-13 11:36:01,555 - INFO - Epoch 68/100 | Batch 5/8 | Train Loss: 0.3123
2025-11-13 11:36:01,965 - INFO - 
Epoch 68/100 | 平均训练损失：0.3128
2025-11-13 11:36:02,192 - INFO - Epoch 68/100 | 验证集指标（裁剪后）：
2025-11-13 11:36:02,192 - INFO - 平均IoU：0.0000 | 平均Dice：0.0000 | 平均F1：0.0000
2025-11-13 11:36:02,935 - INFO - Epoch 69/100 | Batch 5/8 | Train Loss: 0.3058
2025-11-13 11:36:03,347 - INFO - 
Epoch 69/100 | 平均训练损失：0.3125
2025-11-13 11:36:03,575 - INFO - Epoch 69/100 | 验证集指标（裁剪后）：
2025-11-13 11:36:03,575 - INFO - 平均IoU：0.0000 | 平均Dice：0.0000 | 平均F1：0.0000
2025-11-13 11:36:04,326 - INFO - Epoch 70/100 | Batch 5/8 | Train Loss: 0.3057
2025-11-13 11:36:04,736 - INFO - 
Epoch 70/100 | 平均训练损失：0.3129
2025-11-13 11:36:04,964 - INFO - Epoch 70/100 | 验证集指标（裁剪后）：
2025-11-13 11:36:04,965 - INFO - 平均IoU：0.0000 | 平均Dice：0.0000 | 平均F1：0.0000
2025-11-13 11:36:05,728 - INFO - Epoch 71/100 | Batch 5/8 | Train Loss: 0.3079
2025-11-13 11:36:06,138 - INFO - 
Epoch 71/100 | 平均训练损失：0.3128
2025-11-13 11:36:06,364 - INFO - Epoch 71/100 | 验证集指标（裁剪后）：
2025-11-13 11:36:06,364 - INFO - 平均IoU：0.0000 | 平均Dice：0.0000 | 平均F1：0.0000
2025-11-13 11:36:07,115 - INFO - Epoch 72/100 | Batch 5/8 | Train Loss: 0.3111
2025-11-13 11:36:07,525 - INFO - 
Epoch 72/100 | 平均训练损失：0.3125
2025-11-13 11:36:07,751 - INFO - Epoch 72/100 | 验证集指标（裁剪后）：
2025-11-13 11:36:07,751 - INFO - 平均IoU：0.0000 | 平均Dice：0.0000 | 平均F1：0.0000
2025-11-13 11:36:08,503 - INFO - Epoch 73/100 | Batch 5/8 | Train Loss: 0.3118
2025-11-13 11:36:08,913 - INFO - 
Epoch 73/100 | 平均训练损失：0.3125
2025-11-13 11:36:09,142 - INFO - Epoch 73/100 | 验证集指标（裁剪后）：
2025-11-13 11:36:09,142 - INFO - 平均IoU：0.0000 | 平均Dice：0.0000 | 平均F1：0.0000
2025-11-13 11:36:09,892 - INFO - Epoch 74/100 | Batch 5/8 | Train Loss: 0.3136
2025-11-13 11:36:10,303 - INFO - 
Epoch 74/100 | 平均训练损失：0.3128
2025-11-13 11:36:10,532 - INFO - Epoch 74/100 | 验证集指标（裁剪后）：
2025-11-13 11:36:10,532 - INFO - 平均IoU：0.0000 | 平均Dice：0.0000 | 平均F1：0.0000
2025-11-13 11:36:11,278 - INFO - Epoch 75/100 | Batch 5/8 | Train Loss: 0.3150
2025-11-13 11:36:11,690 - INFO - 
Epoch 75/100 | 平均训练损失：0.3132
2025-11-13 11:36:11,918 - INFO - Epoch 75/100 | 验证集指标（裁剪后）：
2025-11-13 11:36:11,919 - INFO - 平均IoU：0.0000 | 平均Dice：0.0000 | 平均F1：0.0000
2025-11-13 11:36:12,702 - INFO - Epoch 76/100 | Batch 5/8 | Train Loss: 0.3123
2025-11-13 11:36:13,113 - INFO - 
Epoch 76/100 | 平均训练损失：0.3127
2025-11-13 11:36:13,343 - INFO - Epoch 76/100 | 验证集指标（裁剪后）：
2025-11-13 11:36:13,343 - INFO - 平均IoU：0.0000 | 平均Dice：0.0000 | 平均F1：0.0000
2025-11-13 11:36:14,100 - INFO - Epoch 77/100 | Batch 5/8 | Train Loss: 0.3161
2025-11-13 11:36:14,511 - INFO - 
Epoch 77/100 | 平均训练损失：0.3132
2025-11-13 11:36:14,808 - INFO - Epoch 77/100 | 验证集指标（裁剪后）：
2025-11-13 11:36:14,809 - INFO - 平均IoU：0.0000 | 平均Dice：0.0000 | 平均F1：0.0000
2025-11-13 11:36:15,569 - INFO - Epoch 78/100 | Batch 5/8 | Train Loss: 0.3118
2025-11-13 11:36:15,979 - INFO - 
Epoch 78/100 | 平均训练损失：0.3126
2025-11-13 11:36:16,208 - INFO - Epoch 78/100 | 验证集指标（裁剪后）：
2025-11-13 11:36:16,208 - INFO - 平均IoU：0.0000 | 平均Dice：0.0000 | 平均F1：0.0000
2025-11-13 11:36:16,956 - INFO - Epoch 79/100 | Batch 5/8 | Train Loss: 0.3163
2025-11-13 11:36:17,367 - INFO - 
Epoch 79/100 | 平均训练损失：0.3130
2025-11-13 11:36:17,596 - INFO - Epoch 79/100 | 验证集指标（裁剪后）：
2025-11-13 11:36:17,596 - INFO - 平均IoU：0.0000 | 平均Dice：0.0000 | 平均F1：0.0000
2025-11-13 11:36:18,358 - INFO - Epoch 80/100 | Batch 5/8 | Train Loss: 0.3171
2025-11-13 11:36:18,770 - INFO - 
Epoch 80/100 | 平均训练损失：0.3130
2025-11-13 11:36:18,996 - INFO - Epoch 80/100 | 验证集指标（裁剪后）：
2025-11-13 11:36:18,996 - INFO - 平均IoU：0.0000 | 平均Dice：0.0000 | 平均F1：0.0000
2025-11-13 11:36:19,754 - INFO - Epoch 81/100 | Batch 5/8 | Train Loss: 0.3127
2025-11-13 11:36:20,166 - INFO - 
Epoch 81/100 | 平均训练损失：0.3127
2025-11-13 11:36:20,401 - INFO - Epoch 81/100 | 验证集指标（裁剪后）：
2025-11-13 11:36:20,401 - INFO - 平均IoU：0.0000 | 平均Dice：0.0000 | 平均F1：0.0000
2025-11-13 11:36:21,154 - INFO - Epoch 82/100 | Batch 5/8 | Train Loss: 0.3053
2025-11-13 11:36:21,567 - INFO - 
Epoch 82/100 | 平均训练损失：0.3123
2025-11-13 11:36:21,798 - INFO - Epoch 82/100 | 验证集指标（裁剪后）：
2025-11-13 11:36:21,798 - INFO - 平均IoU：0.0000 | 平均Dice：0.0000 | 平均F1：0.0000
2025-11-13 11:36:22,554 - INFO - Epoch 83/100 | Batch 5/8 | Train Loss: 0.3098
2025-11-13 11:36:22,966 - INFO - 
Epoch 83/100 | 平均训练损失：0.3123
2025-11-13 11:36:23,196 - INFO - Epoch 83/100 | 验证集指标（裁剪后）：
2025-11-13 11:36:23,196 - INFO - 平均IoU：0.0000 | 平均Dice：0.0000 | 平均F1：0.0000
2025-11-13 11:36:23,948 - INFO - Epoch 84/100 | Batch 5/8 | Train Loss: 0.3179
2025-11-13 11:36:24,361 - INFO - 
Epoch 84/100 | 平均训练损失：0.3129
2025-11-13 11:36:24,596 - INFO - Epoch 84/100 | 验证集指标（裁剪后）：
2025-11-13 11:36:24,596 - INFO - 平均IoU：0.0000 | 平均Dice：0.0000 | 平均F1：0.0000
2025-11-13 11:36:25,358 - INFO - Epoch 85/100 | Batch 5/8 | Train Loss: 0.3133
2025-11-13 11:36:25,770 - INFO - 
Epoch 85/100 | 平均训练损失：0.3124
2025-11-13 11:36:26,000 - INFO - Epoch 85/100 | 验证集指标（裁剪后）：
2025-11-13 11:36:26,000 - INFO - 平均IoU：0.0000 | 平均Dice：0.0000 | 平均F1：0.0000
2025-11-13 11:36:26,753 - INFO - Epoch 86/100 | Batch 5/8 | Train Loss: 0.3108
2025-11-13 11:36:27,165 - INFO - 
Epoch 86/100 | 平均训练损失：0.3134
2025-11-13 11:36:27,404 - INFO - Epoch 86/100 | 验证集指标（裁剪后）：
2025-11-13 11:36:27,404 - INFO - 平均IoU：0.0000 | 平均Dice：0.0000 | 平均F1：0.0000
2025-11-13 11:36:28,171 - INFO - Epoch 87/100 | Batch 5/8 | Train Loss: 0.3141
2025-11-13 11:36:28,583 - INFO - 
Epoch 87/100 | 平均训练损失：0.3122
2025-11-13 11:36:28,820 - INFO - Epoch 87/100 | 验证集指标（裁剪后）：
2025-11-13 11:36:28,821 - INFO - 平均IoU：0.0000 | 平均Dice：0.0000 | 平均F1：0.0000
2025-11-13 11:36:29,578 - INFO - Epoch 88/100 | Batch 5/8 | Train Loss: 0.3146
2025-11-13 11:36:29,988 - INFO - 
Epoch 88/100 | 平均训练损失：0.3127
2025-11-13 11:36:30,223 - INFO - Epoch 88/100 | 验证集指标（裁剪后）：
2025-11-13 11:36:30,223 - INFO - 平均IoU：0.0000 | 平均Dice：0.0000 | 平均F1：0.0000
2025-11-13 11:36:30,972 - INFO - Epoch 89/100 | Batch 5/8 | Train Loss: 0.3108
2025-11-13 11:36:31,385 - INFO - 
Epoch 89/100 | 平均训练损失：0.3121
2025-11-13 11:36:31,619 - INFO - Epoch 89/100 | 验证集指标（裁剪后）：
2025-11-13 11:36:31,619 - INFO - 平均IoU：0.0000 | 平均Dice：0.0000 | 平均F1：0.0000
2025-11-13 11:36:32,375 - INFO - Epoch 90/100 | Batch 5/8 | Train Loss: 0.3049
2025-11-13 11:36:32,785 - INFO - 
Epoch 90/100 | 平均训练损失：0.3124
2025-11-13 11:36:33,018 - INFO - Epoch 90/100 | 验证集指标（裁剪后）：
2025-11-13 11:36:33,018 - INFO - 平均IoU：0.0000 | 平均Dice：0.0000 | 平均F1：0.0000
2025-11-13 11:36:33,775 - INFO - Epoch 91/100 | Batch 5/8 | Train Loss: 0.3042
2025-11-13 11:36:34,186 - INFO - 
Epoch 91/100 | 平均训练损失：0.3125
2025-11-13 11:36:34,414 - INFO - Epoch 91/100 | 验证集指标（裁剪后）：
2025-11-13 11:36:34,414 - INFO - 平均IoU：0.0000 | 平均Dice：0.0000 | 平均F1：0.0000
2025-11-13 11:36:35,165 - INFO - Epoch 92/100 | Batch 5/8 | Train Loss: 0.3110
2025-11-13 11:36:35,576 - INFO - 
Epoch 92/100 | 平均训练损失：0.3122
2025-11-13 11:36:35,809 - INFO - Epoch 92/100 | 验证集指标（裁剪后）：
2025-11-13 11:36:35,809 - INFO - 平均IoU：0.0000 | 平均Dice：0.0000 | 平均F1：0.0000
2025-11-13 11:36:36,567 - INFO - Epoch 93/100 | Batch 5/8 | Train Loss: 0.3061
2025-11-13 11:36:36,976 - INFO - 
Epoch 93/100 | 平均训练损失：0.3119
2025-11-13 11:36:37,212 - INFO - Epoch 93/100 | 验证集指标（裁剪后）：
2025-11-13 11:36:37,212 - INFO - 平均IoU：0.0000 | 平均Dice：0.0000 | 平均F1：0.0000
2025-11-13 11:36:37,964 - INFO - Epoch 94/100 | Batch 5/8 | Train Loss: 0.3133
2025-11-13 11:36:38,375 - INFO - 
Epoch 94/100 | 平均训练损失：0.3114
2025-11-13 11:36:38,613 - INFO - Epoch 94/100 | 验证集指标（裁剪后）：
2025-11-13 11:36:38,613 - INFO - 平均IoU：0.0000 | 平均Dice：0.0000 | 平均F1：0.0000
2025-11-13 11:36:39,365 - INFO - Epoch 95/100 | Batch 5/8 | Train Loss: 0.3096
2025-11-13 11:36:39,777 - INFO - 
Epoch 95/100 | 平均训练损失：0.3121
2025-11-13 11:36:40,005 - INFO - Epoch 95/100 | 验证集指标（裁剪后）：
2025-11-13 11:36:40,006 - INFO - 平均IoU：0.0000 | 平均Dice：0.0000 | 平均F1：0.0000
2025-11-13 11:36:40,770 - INFO - Epoch 96/100 | Batch 5/8 | Train Loss: 0.3104
2025-11-13 11:36:41,184 - INFO - 
Epoch 96/100 | 平均训练损失：0.3119
2025-11-13 11:36:41,416 - INFO - Epoch 96/100 | 验证集指标（裁剪后）：
2025-11-13 11:36:41,416 - INFO - 平均IoU：0.0000 | 平均Dice：0.0000 | 平均F1：0.0000
2025-11-13 11:36:42,172 - INFO - Epoch 97/100 | Batch 5/8 | Train Loss: 0.3085
2025-11-13 11:36:42,583 - INFO - 
Epoch 97/100 | 平均训练损失：0.3129
2025-11-13 11:36:42,849 - INFO - Epoch 97/100 | 验证集指标（裁剪后）：
2025-11-13 11:36:42,849 - INFO - 平均IoU：0.0000 | 平均Dice：0.0000 | 平均F1：0.0000
2025-11-13 11:36:43,597 - INFO - Epoch 98/100 | Batch 5/8 | Train Loss: 0.3101
2025-11-13 11:36:44,008 - INFO - 
Epoch 98/100 | 平均训练损失：0.3119
2025-11-13 11:36:44,237 - INFO - Epoch 98/100 | 验证集指标（裁剪后）：
2025-11-13 11:36:44,238 - INFO - 平均IoU：0.0000 | 平均Dice：0.0000 | 平均F1：0.0000
2025-11-13 11:36:45,004 - INFO - Epoch 99/100 | Batch 5/8 | Train Loss: 0.3158
2025-11-13 11:36:45,419 - INFO - 
Epoch 99/100 | 平均训练损失：0.3128
2025-11-13 11:36:45,649 - INFO - Epoch 99/100 | 验证集指标（裁剪后）：
2025-11-13 11:36:45,649 - INFO - 平均IoU：0.0000 | 平均Dice：0.0000 | 平均F1：0.0000
2025-11-13 11:36:46,397 - INFO - Epoch 100/100 | Batch 5/8 | Train Loss: 0.3081
2025-11-13 11:36:46,809 - INFO - 
Epoch 100/100 | 平均训练损失：0.3122
2025-11-13 11:36:47,044 - INFO - Epoch 100/100 | 验证集指标（裁剪后）：
2025-11-13 11:36:47,044 - INFO - 平均IoU：0.0000 | 平均Dice：0.0000 | 平均F1：0.0000
2025-11-13 11:36:47,044 - INFO - 
训练完成！最佳验证集F1：0.0000
2025-11-13 11:36:47,045 - ERROR - 未找到模型文件：/root/autodl-tmp/UNET-ZOO-master/saved_model/carunet_best.pth
2025-11-13 11:43:47,725 - INFO - 使用设备：cuda
2025-11-13 11:43:47,986 - INFO - 
数据集加载完成：
2025-11-13 11:43:47,986 - INFO - 训练集：16张图像 | 验证集：2张图像 | 测试集：20张图像
2025-11-13 11:43:48,175 - INFO - CAR-UNet模型初始化完成
2025-11-13 11:43:48,176 - INFO - 
开始训练CAR-UNet（共100轮）：
2025-11-13 11:43:49,473 - INFO - Epoch 1/100 | Batch 5/8 | Train Loss: 0.7942
2025-11-13 11:43:49,871 - INFO - 
Epoch 1/100 | 平均训练损失：0.8143
2025-11-13 11:43:50,154 - INFO - Epoch 1/100 | 验证集指标（裁剪后）：
2025-11-13 11:43:50,154 - INFO - 平均IoU：0.0000 | 平均Dice：0.0000 | 平均F1：0.0000
2025-11-13 11:43:50,894 - INFO - Epoch 2/100 | Batch 5/8 | Train Loss: 0.6976
2025-11-13 11:43:51,297 - INFO - 
Epoch 2/100 | 平均训练损失：0.6971
2025-11-13 11:43:51,508 - INFO - Epoch 2/100 | 验证集指标（裁剪后）：
2025-11-13 11:43:51,508 - INFO - 平均IoU：0.0000 | 平均Dice：0.0000 | 平均F1：0.0000
2025-11-13 11:43:52,256 - INFO - Epoch 3/100 | Batch 5/8 | Train Loss: 0.5953
2025-11-13 11:43:52,659 - INFO - 
Epoch 3/100 | 平均训练损失：0.5954
2025-11-13 11:43:52,872 - INFO - Epoch 3/100 | 验证集指标（裁剪后）：
2025-11-13 11:43:52,872 - INFO - 平均IoU：0.0000 | 平均Dice：0.0000 | 平均F1：0.0000
2025-11-13 11:43:53,609 - INFO - Epoch 4/100 | Batch 5/8 | Train Loss: 0.5241
2025-11-13 11:43:54,011 - INFO - 
Epoch 4/100 | 平均训练损失：0.5250
2025-11-13 11:43:54,224 - INFO - Epoch 4/100 | 验证集指标（裁剪后）：
2025-11-13 11:43:54,224 - INFO - 平均IoU：0.0000 | 平均Dice：0.0000 | 平均F1：0.0000
2025-11-13 11:43:54,965 - INFO - Epoch 5/100 | Batch 5/8 | Train Loss: 0.4985
2025-11-13 11:43:55,368 - INFO - 
Epoch 5/100 | 平均训练损失：0.5041
2025-11-13 11:43:55,586 - INFO - Epoch 5/100 | 验证集指标（裁剪后）：
2025-11-13 11:43:55,586 - INFO - 平均IoU：0.0000 | 平均Dice：0.0000 | 平均F1：0.0000
2025-11-13 11:43:56,322 - INFO - Epoch 6/100 | Batch 5/8 | Train Loss: 0.4576
2025-11-13 11:43:56,726 - INFO - 
Epoch 6/100 | 平均训练损失：0.4647
2025-11-13 11:43:56,941 - INFO - Epoch 6/100 | 验证集指标（裁剪后）：
2025-11-13 11:43:56,941 - INFO - 平均IoU：0.0000 | 平均Dice：0.0000 | 平均F1：0.0000
2025-11-13 11:43:57,681 - INFO - Epoch 7/100 | Batch 5/8 | Train Loss: 0.4099
2025-11-13 11:43:58,084 - INFO - 
Epoch 7/100 | 平均训练损失：0.4297
2025-11-13 11:43:58,306 - INFO - Epoch 7/100 | 验证集指标（裁剪后）：
2025-11-13 11:43:58,306 - INFO - 平均IoU：0.0000 | 平均Dice：0.0000 | 平均F1：0.0000
2025-11-13 11:43:59,089 - INFO - Epoch 8/100 | Batch 5/8 | Train Loss: 0.4013
2025-11-13 11:43:59,494 - INFO - 
Epoch 8/100 | 平均训练损失：0.4166
2025-11-13 11:43:59,709 - INFO - Epoch 8/100 | 验证集指标（裁剪后）：
2025-11-13 11:43:59,709 - INFO - 平均IoU：0.0000 | 平均Dice：0.0000 | 平均F1：0.0000
2025-11-13 11:44:00,450 - INFO - Epoch 9/100 | Batch 5/8 | Train Loss: 0.4004
2025-11-13 11:44:00,853 - INFO - 
Epoch 9/100 | 平均训练损失：0.3987
2025-11-13 11:44:01,081 - INFO - Epoch 9/100 | 验证集指标（裁剪后）：
2025-11-13 11:44:01,081 - INFO - 平均IoU：0.0000 | 平均Dice：0.0000 | 平均F1：0.0000
2025-11-13 11:44:01,822 - INFO - Epoch 10/100 | Batch 5/8 | Train Loss: 0.3676
2025-11-13 11:44:02,228 - INFO - 
Epoch 10/100 | 平均训练损失：0.3909
2025-11-13 11:44:02,455 - INFO - Epoch 10/100 | 验证集指标（裁剪后）：
2025-11-13 11:44:02,455 - INFO - 平均IoU：0.0000 | 平均Dice：0.0000 | 平均F1：0.0000
2025-11-13 11:44:03,202 - INFO - Epoch 11/100 | Batch 5/8 | Train Loss: 0.3660
2025-11-13 11:44:03,607 - INFO - 
Epoch 11/100 | 平均训练损失：0.3794
2025-11-13 11:44:03,838 - INFO - Epoch 11/100 | 验证集指标（裁剪后）：
2025-11-13 11:44:03,838 - INFO - 平均IoU：0.0000 | 平均Dice：0.0000 | 平均F1：0.0000
2025-11-13 11:44:04,583 - INFO - Epoch 12/100 | Batch 5/8 | Train Loss: 0.3512
2025-11-13 11:44:04,987 - INFO - 
Epoch 12/100 | 平均训练损失：0.3598
2025-11-13 11:44:05,204 - INFO - Epoch 12/100 | 验证集指标（裁剪后）：
2025-11-13 11:44:05,205 - INFO - 平均IoU：0.0000 | 平均Dice：0.0000 | 平均F1：0.0000
2025-11-13 11:44:05,984 - INFO - Epoch 13/100 | Batch 5/8 | Train Loss: 0.3272
2025-11-13 11:44:06,388 - INFO - 
Epoch 13/100 | 平均训练损失：0.3399
2025-11-13 11:44:06,604 - INFO - Epoch 13/100 | 验证集指标（裁剪后）：
2025-11-13 11:44:06,604 - INFO - 平均IoU：0.0000 | 平均Dice：0.0000 | 平均F1：0.0000
2025-11-13 11:44:07,349 - INFO - Epoch 14/100 | Batch 5/8 | Train Loss: 0.3357
2025-11-13 11:44:07,754 - INFO - 
Epoch 14/100 | 平均训练损失：0.3446
2025-11-13 11:44:07,973 - INFO - Epoch 14/100 | 验证集指标（裁剪后）：
2025-11-13 11:44:07,973 - INFO - 平均IoU：0.0000 | 平均Dice：0.0000 | 平均F1：0.0000
2025-11-13 11:44:08,714 - INFO - Epoch 15/100 | Batch 5/8 | Train Loss: 0.3162
2025-11-13 11:44:09,118 - INFO - 
Epoch 15/100 | 平均训练损失：0.3253
2025-11-13 11:44:09,334 - INFO - Epoch 15/100 | 验证集指标（裁剪后）：
2025-11-13 11:44:09,334 - INFO - 平均IoU：0.0000 | 平均Dice：0.0000 | 平均F1：0.0000
2025-11-13 11:44:10,076 - INFO - Epoch 16/100 | Batch 5/8 | Train Loss: 0.3060
2025-11-13 11:44:10,483 - INFO - 
Epoch 16/100 | 平均训练损失：0.3195
2025-11-13 11:44:10,700 - INFO - Epoch 16/100 | 验证集指标（裁剪后）：
2025-11-13 11:44:10,700 - INFO - 平均IoU：0.0000 | 平均Dice：0.0000 | 平均F1：0.0000
2025-11-13 11:44:11,486 - INFO - Epoch 17/100 | Batch 5/8 | Train Loss: 0.3133
2025-11-13 11:44:11,891 - INFO - 
Epoch 17/100 | 平均训练损失：0.3169
2025-11-13 11:44:12,111 - INFO - Epoch 17/100 | 验证集指标（裁剪后）：
2025-11-13 11:44:12,111 - INFO - 平均IoU：0.0000 | 平均Dice：0.0000 | 平均F1：0.0000
2025-11-13 11:44:12,847 - INFO - Epoch 18/100 | Batch 5/8 | Train Loss: 0.3104
2025-11-13 11:44:13,251 - INFO - 
Epoch 18/100 | 平均训练损失：0.3068
2025-11-13 11:44:13,468 - INFO - Epoch 18/100 | 验证集指标（裁剪后）：
2025-11-13 11:44:13,468 - INFO - 平均IoU：0.0000 | 平均Dice：0.0000 | 平均F1：0.0000
2025-11-13 11:44:14,207 - INFO - Epoch 19/100 | Batch 5/8 | Train Loss: 0.3478
2025-11-13 11:44:14,613 - INFO - 
Epoch 19/100 | 平均训练损失：0.3082
2025-11-13 11:44:14,829 - INFO - Epoch 19/100 | 验证集指标（裁剪后）：
2025-11-13 11:44:14,829 - INFO - 平均IoU：0.0000 | 平均Dice：0.0000 | 平均F1：0.0000
2025-11-13 11:44:15,565 - INFO - Epoch 20/100 | Batch 5/8 | Train Loss: 0.2983
2025-11-13 11:44:15,969 - INFO - 
Epoch 20/100 | 平均训练损失：0.3005
2025-11-13 11:44:16,187 - INFO - Epoch 20/100 | 验证集指标（裁剪后）：
2025-11-13 11:44:16,187 - INFO - 平均IoU：0.0000 | 平均Dice：0.0000 | 平均F1：0.0000
2025-11-13 11:44:16,926 - INFO - Epoch 21/100 | Batch 5/8 | Train Loss: 0.2952
2025-11-13 11:44:17,330 - INFO - 
Epoch 21/100 | 平均训练损失：0.3204
2025-11-13 11:44:17,547 - INFO - Epoch 21/100 | 验证集指标（裁剪后）：
2025-11-13 11:44:17,547 - INFO - 平均IoU：0.0000 | 平均Dice：0.0000 | 平均F1：0.0000
2025-11-13 11:44:18,286 - INFO - Epoch 22/100 | Batch 5/8 | Train Loss: 0.3111
2025-11-13 11:44:18,691 - INFO - 
Epoch 22/100 | 平均训练损失：0.3010
2025-11-13 11:44:18,915 - INFO - Epoch 22/100 | 验证集指标（裁剪后）：
2025-11-13 11:44:18,915 - INFO - 平均IoU：0.0000 | 平均Dice：0.0000 | 平均F1：0.0000
2025-11-13 11:44:19,658 - INFO - Epoch 23/100 | Batch 5/8 | Train Loss: 0.2990
2025-11-13 11:44:20,063 - INFO - 
Epoch 23/100 | 平均训练损失：0.3018
2025-11-13 11:44:20,280 - INFO - Epoch 23/100 | 验证集指标（裁剪后）：
2025-11-13 11:44:20,280 - INFO - 平均IoU：0.0000 | 平均Dice：0.0000 | 平均F1：0.0000
2025-11-13 11:44:21,023 - INFO - Epoch 24/100 | Batch 5/8 | Train Loss: 0.2969
2025-11-13 11:44:21,428 - INFO - 
Epoch 24/100 | 平均训练损失：0.3055
2025-11-13 11:44:21,642 - INFO - Epoch 24/100 | 验证集指标（裁剪后）：
2025-11-13 11:44:21,643 - INFO - 平均IoU：0.0000 | 平均Dice：0.0000 | 平均F1：0.0000
2025-11-13 11:44:22,379 - INFO - Epoch 25/100 | Batch 5/8 | Train Loss: 0.2927
2025-11-13 11:44:22,782 - INFO - 
Epoch 25/100 | 平均训练损失：0.2921
2025-11-13 11:44:22,997 - INFO - Epoch 25/100 | 验证集指标（裁剪后）：
2025-11-13 11:44:22,997 - INFO - 平均IoU：0.0000 | 平均Dice：0.0000 | 平均F1：0.0000
2025-11-13 11:44:23,734 - INFO - Epoch 26/100 | Batch 5/8 | Train Loss: 0.2929
2025-11-13 11:44:24,137 - INFO - 
Epoch 26/100 | 平均训练损失：0.3003
2025-11-13 11:44:24,350 - INFO - Epoch 26/100 | 验证集指标（裁剪后）：
2025-11-13 11:44:24,350 - INFO - 平均IoU：0.0000 | 平均Dice：0.0000 | 平均F1：0.0000
2025-11-13 11:44:25,095 - INFO - Epoch 27/100 | Batch 5/8 | Train Loss: 0.2983
2025-11-13 11:44:25,499 - INFO - 
Epoch 27/100 | 平均训练损失：0.2899
2025-11-13 11:44:25,715 - INFO - Epoch 27/100 | 验证集指标（裁剪后）：
2025-11-13 11:44:25,715 - INFO - 平均IoU：0.0000 | 平均Dice：0.0000 | 平均F1：0.0000
2025-11-13 11:44:26,451 - INFO - Epoch 28/100 | Batch 5/8 | Train Loss: 0.2881
2025-11-13 11:44:26,854 - INFO - 
Epoch 28/100 | 平均训练损失：0.2968
2025-11-13 11:44:27,070 - INFO - Epoch 28/100 | 验证集指标（裁剪后）：
2025-11-13 11:44:27,070 - INFO - 平均IoU：0.0000 | 平均Dice：0.0000 | 平均F1：0.0000
2025-11-13 11:44:27,807 - INFO - Epoch 29/100 | Batch 5/8 | Train Loss: 0.2897
2025-11-13 11:44:28,210 - INFO - 
Epoch 29/100 | 平均训练损失：0.2908
2025-11-13 11:44:28,431 - INFO - Epoch 29/100 | 验证集指标（裁剪后）：
2025-11-13 11:44:28,431 - INFO - 平均IoU：0.0000 | 平均Dice：0.0000 | 平均F1：0.0000
2025-11-13 11:44:29,173 - INFO - Epoch 30/100 | Batch 5/8 | Train Loss: 0.3043
2025-11-13 11:44:29,576 - INFO - 
Epoch 30/100 | 平均训练损失：0.2994
2025-11-13 11:44:29,792 - INFO - Epoch 30/100 | 验证集指标（裁剪后）：
2025-11-13 11:44:29,792 - INFO - 平均IoU：0.0000 | 平均Dice：0.0000 | 平均F1：0.0000
2025-11-13 11:44:30,528 - INFO - Epoch 31/100 | Batch 5/8 | Train Loss: 0.2947
2025-11-13 11:44:30,935 - INFO - 
Epoch 31/100 | 平均训练损失：0.2919
2025-11-13 11:44:31,151 - INFO - Epoch 31/100 | 验证集指标（裁剪后）：
2025-11-13 11:44:31,151 - INFO - 平均IoU：0.0000 | 平均Dice：0.0000 | 平均F1：0.0000
2025-11-13 11:44:31,895 - INFO - Epoch 32/100 | Batch 5/8 | Train Loss: 0.2907
2025-11-13 11:44:32,298 - INFO - 
Epoch 32/100 | 平均训练损失：0.2863
2025-11-13 11:44:32,513 - INFO - Epoch 32/100 | 验证集指标（裁剪后）：
2025-11-13 11:44:32,513 - INFO - 平均IoU：0.0000 | 平均Dice：0.0000 | 平均F1：0.0000
2025-11-13 11:44:33,259 - INFO - Epoch 33/100 | Batch 5/8 | Train Loss: 0.2848
2025-11-13 11:44:33,662 - INFO - 
Epoch 33/100 | 平均训练损失：0.2867
2025-11-13 11:44:33,876 - INFO - Epoch 33/100 | 验证集指标（裁剪后）：
2025-11-13 11:44:33,876 - INFO - 平均IoU：0.0000 | 平均Dice：0.0000 | 平均F1：0.0000
2025-11-13 11:44:34,614 - INFO - Epoch 34/100 | Batch 5/8 | Train Loss: 0.2888
2025-11-13 11:44:35,018 - INFO - 
Epoch 34/100 | 平均训练损失：0.2936
2025-11-13 11:44:35,245 - INFO - Epoch 34/100 | 验证集指标（裁剪后）：
2025-11-13 11:44:35,245 - INFO - 平均IoU：0.0000 | 平均Dice：0.0000 | 平均F1：0.0000
2025-11-13 11:44:35,992 - INFO - Epoch 35/100 | Batch 5/8 | Train Loss: 0.2845
2025-11-13 11:44:36,397 - INFO - 
Epoch 35/100 | 平均训练损失：0.2863
2025-11-13 11:44:36,613 - INFO - Epoch 35/100 | 验证集指标（裁剪后）：
2025-11-13 11:44:36,613 - INFO - 平均IoU：0.0000 | 平均Dice：0.0000 | 平均F1：0.0000
2025-11-13 11:44:37,377 - INFO - Epoch 36/100 | Batch 5/8 | Train Loss: 0.2825
2025-11-13 11:44:37,783 - INFO - 
Epoch 36/100 | 平均训练损失：0.2816
2025-11-13 11:44:38,001 - INFO - Epoch 36/100 | 验证集指标（裁剪后）：
2025-11-13 11:44:38,001 - INFO - 平均IoU：0.0000 | 平均Dice：0.0000 | 平均F1：0.0000
2025-11-13 11:44:38,743 - INFO - Epoch 37/100 | Batch 5/8 | Train Loss: 0.2797
2025-11-13 11:44:39,146 - INFO - 
Epoch 37/100 | 平均训练损失：0.2877
2025-11-13 11:44:39,361 - INFO - Epoch 37/100 | 验证集指标（裁剪后）：
2025-11-13 11:44:39,361 - INFO - 平均IoU：0.0000 | 平均Dice：0.0000 | 平均F1：0.0000
2025-11-13 11:44:40,108 - INFO - Epoch 38/100 | Batch 5/8 | Train Loss: 0.2804
2025-11-13 11:44:40,514 - INFO - 
Epoch 38/100 | 平均训练损失：0.2904
2025-11-13 11:44:40,733 - INFO - Epoch 38/100 | 验证集指标（裁剪后）：
2025-11-13 11:44:40,733 - INFO - 平均IoU：0.0000 | 平均Dice：0.0000 | 平均F1：0.0000
2025-11-13 11:44:41,474 - INFO - Epoch 39/100 | Batch 5/8 | Train Loss: 0.2814
2025-11-13 11:44:41,880 - INFO - 
Epoch 39/100 | 平均训练损失：0.2890
2025-11-13 11:44:42,107 - INFO - Epoch 39/100 | 验证集指标（裁剪后）：
2025-11-13 11:44:42,107 - INFO - 平均IoU：0.0000 | 平均Dice：0.0000 | 平均F1：0.0000
2025-11-13 11:44:42,855 - INFO - Epoch 40/100 | Batch 5/8 | Train Loss: 0.2963
2025-11-13 11:44:43,261 - INFO - 
Epoch 40/100 | 平均训练损失：0.2902
2025-11-13 11:44:43,480 - INFO - Epoch 40/100 | 验证集指标（裁剪后）：
2025-11-13 11:44:43,480 - INFO - 平均IoU：0.0000 | 平均Dice：0.0000 | 平均F1：0.0000
2025-11-13 11:44:44,232 - INFO - Epoch 41/100 | Batch 5/8 | Train Loss: 0.2791
2025-11-13 11:44:44,635 - INFO - 
Epoch 41/100 | 平均训练损失：0.2869
2025-11-13 11:44:44,863 - INFO - Epoch 41/100 | 验证集指标（裁剪后）：
2025-11-13 11:44:44,864 - INFO - 平均IoU：0.0000 | 平均Dice：0.0000 | 平均F1：0.0000
2025-11-13 11:44:45,634 - INFO - Epoch 42/100 | Batch 5/8 | Train Loss: 0.2913
2025-11-13 11:44:46,052 - INFO - 
Epoch 42/100 | 平均训练损失：0.2886
2025-11-13 11:44:46,277 - INFO - Epoch 42/100 | 验证集指标（裁剪后）：
2025-11-13 11:44:46,277 - INFO - 平均IoU：0.0000 | 平均Dice：0.0000 | 平均F1：0.0000
2025-11-13 11:44:47,028 - INFO - Epoch 43/100 | Batch 5/8 | Train Loss: 0.2918
2025-11-13 11:44:47,435 - INFO - 
Epoch 43/100 | 平均训练损失：0.2921
2025-11-13 11:44:47,656 - INFO - Epoch 43/100 | 验证集指标（裁剪后）：
2025-11-13 11:44:47,656 - INFO - 平均IoU：0.0000 | 平均Dice：0.0000 | 平均F1：0.0000
2025-11-13 11:44:48,399 - INFO - Epoch 44/100 | Batch 5/8 | Train Loss: 0.2895
2025-11-13 11:44:48,804 - INFO - 
Epoch 44/100 | 平均训练损失：0.2911
2025-11-13 11:44:49,025 - INFO - Epoch 44/100 | 验证集指标（裁剪后）：
2025-11-13 11:44:49,025 - INFO - 平均IoU：0.0000 | 平均Dice：0.0000 | 平均F1：0.0000
2025-11-13 11:44:49,776 - INFO - Epoch 45/100 | Batch 5/8 | Train Loss: 0.2966
2025-11-13 11:44:50,183 - INFO - 
Epoch 45/100 | 平均训练损失：0.2897
2025-11-13 11:44:50,400 - INFO - Epoch 45/100 | 验证集指标（裁剪后）：
2025-11-13 11:44:50,400 - INFO - 平均IoU：0.0000 | 平均Dice：0.0000 | 平均F1：0.0000
2025-11-13 11:44:51,144 - INFO - Epoch 46/100 | Batch 5/8 | Train Loss: 0.2841
2025-11-13 11:44:51,549 - INFO - 
Epoch 46/100 | 平均训练损失：0.2872
2025-11-13 11:44:51,766 - INFO - Epoch 46/100 | 验证集指标（裁剪后）：
2025-11-13 11:44:51,766 - INFO - 平均IoU：0.0000 | 平均Dice：0.0000 | 平均F1：0.0000
2025-11-13 11:44:52,509 - INFO - Epoch 47/100 | Batch 5/8 | Train Loss: 0.2867
2025-11-13 11:44:52,914 - INFO - 
Epoch 47/100 | 平均训练损失：0.2866
2025-11-13 11:44:53,133 - INFO - Epoch 47/100 | 验证集指标（裁剪后）：
2025-11-13 11:44:53,134 - INFO - 平均IoU：0.0000 | 平均Dice：0.0000 | 平均F1：0.0000
2025-11-13 11:44:53,906 - INFO - Epoch 48/100 | Batch 5/8 | Train Loss: 0.2863
2025-11-13 11:44:54,311 - INFO - 
Epoch 48/100 | 平均训练损失：0.2859
2025-11-13 11:44:54,532 - INFO - Epoch 48/100 | 验证集指标（裁剪后）：
2025-11-13 11:44:54,532 - INFO - 平均IoU：0.0000 | 平均Dice：0.0000 | 平均F1：0.0000
2025-11-13 11:44:55,281 - INFO - Epoch 49/100 | Batch 5/8 | Train Loss: 0.3002
2025-11-13 11:44:55,686 - INFO - 
Epoch 49/100 | 平均训练损失：0.2964
2025-11-13 11:44:55,908 - INFO - Epoch 49/100 | 验证集指标（裁剪后）：
2025-11-13 11:44:55,908 - INFO - 平均IoU：0.0000 | 平均Dice：0.0000 | 平均F1：0.0000
2025-11-13 11:44:56,684 - INFO - Epoch 50/100 | Batch 5/8 | Train Loss: 0.2929
2025-11-13 11:44:57,089 - INFO - 
Epoch 50/100 | 平均训练损失：0.2908
2025-11-13 11:44:57,309 - INFO - Epoch 50/100 | 验证集指标（裁剪后）：
2025-11-13 11:44:57,309 - INFO - 平均IoU：0.0000 | 平均Dice：0.0000 | 平均F1：0.0000
2025-11-13 11:44:58,052 - INFO - Epoch 51/100 | Batch 5/8 | Train Loss: 0.2834
2025-11-13 11:44:58,457 - INFO - 
Epoch 51/100 | 平均训练损失：0.2834
2025-11-13 11:44:58,674 - INFO - Epoch 51/100 | 验证集指标（裁剪后）：
2025-11-13 11:44:58,674 - INFO - 平均IoU：0.0000 | 平均Dice：0.0000 | 平均F1：0.0000
2025-11-13 11:44:59,450 - INFO - Epoch 52/100 | Batch 5/8 | Train Loss: 0.2792
2025-11-13 11:44:59,858 - INFO - 
Epoch 52/100 | 平均训练损失：0.2913
2025-11-13 11:45:00,078 - INFO - Epoch 52/100 | 验证集指标（裁剪后）：
2025-11-13 11:45:00,078 - INFO - 平均IoU：0.0000 | 平均Dice：0.0000 | 平均F1：0.0000
2025-11-13 11:45:00,824 - INFO - Epoch 53/100 | Batch 5/8 | Train Loss: 0.2891
2025-11-13 11:45:01,229 - INFO - 
Epoch 53/100 | 平均训练损失：0.2900
2025-11-13 11:45:01,448 - INFO - Epoch 53/100 | 验证集指标（裁剪后）：
2025-11-13 11:45:01,448 - INFO - 平均IoU：0.0000 | 平均Dice：0.0000 | 平均F1：0.0000
2025-11-13 11:45:02,193 - INFO - Epoch 54/100 | Batch 5/8 | Train Loss: 0.2804
2025-11-13 11:45:02,600 - INFO - 
Epoch 54/100 | 平均训练损失：0.2828
2025-11-13 11:45:02,818 - INFO - Epoch 54/100 | 验证集指标（裁剪后）：
2025-11-13 11:45:02,818 - INFO - 平均IoU：0.0000 | 平均Dice：0.0000 | 平均F1：0.0000
2025-11-13 11:45:03,561 - INFO - Epoch 55/100 | Batch 5/8 | Train Loss: 0.2796
2025-11-13 11:45:03,966 - INFO - 
Epoch 55/100 | 平均训练损失：0.2877
2025-11-13 11:45:04,182 - INFO - Epoch 55/100 | 验证集指标（裁剪后）：
2025-11-13 11:45:04,183 - INFO - 平均IoU：0.0000 | 平均Dice：0.0000 | 平均F1：0.0000
2025-11-13 11:45:04,931 - INFO - Epoch 56/100 | Batch 5/8 | Train Loss: 0.2925
2025-11-13 11:45:05,336 - INFO - 
Epoch 56/100 | 平均训练损失：0.2837
2025-11-13 11:45:05,558 - INFO - Epoch 56/100 | 验证集指标（裁剪后）：
2025-11-13 11:45:05,558 - INFO - 平均IoU：0.0000 | 平均Dice：0.0000 | 平均F1：0.0000
2025-11-13 11:45:06,299 - INFO - Epoch 57/100 | Batch 5/8 | Train Loss: 0.2991
2025-11-13 11:45:06,704 - INFO - 
Epoch 57/100 | 平均训练损失：0.2869
2025-11-13 11:45:06,920 - INFO - Epoch 57/100 | 验证集指标（裁剪后）：
2025-11-13 11:45:06,920 - INFO - 平均IoU：0.0000 | 平均Dice：0.0000 | 平均F1：0.0000
2025-11-13 11:45:07,659 - INFO - Epoch 58/100 | Batch 5/8 | Train Loss: 0.2798
2025-11-13 11:45:08,067 - INFO - 
Epoch 58/100 | 平均训练损失：0.2841
2025-11-13 11:45:08,283 - INFO - Epoch 58/100 | 验证集指标（裁剪后）：
2025-11-13 11:45:08,283 - INFO - 平均IoU：0.0000 | 平均Dice：0.0000 | 平均F1：0.0000
2025-11-13 11:45:09,060 - INFO - Epoch 59/100 | Batch 5/8 | Train Loss: 0.2849
2025-11-13 11:45:09,465 - INFO - 
Epoch 59/100 | 平均训练损失：0.2849
2025-11-13 11:45:09,681 - INFO - Epoch 59/100 | 验证集指标（裁剪后）：
2025-11-13 11:45:09,681 - INFO - 平均IoU：0.0000 | 平均Dice：0.0000 | 平均F1：0.0000
2025-11-13 11:45:10,444 - INFO - Epoch 60/100 | Batch 5/8 | Train Loss: 0.2756
2025-11-13 11:45:10,850 - INFO - 
Epoch 60/100 | 平均训练损失：0.2839
2025-11-13 11:45:11,070 - INFO - Epoch 60/100 | 验证集指标（裁剪后）：
2025-11-13 11:45:11,071 - INFO - 平均IoU：0.0000 | 平均Dice：0.0000 | 平均F1：0.0000
2025-11-13 11:45:11,815 - INFO - Epoch 61/100 | Batch 5/8 | Train Loss: 0.2868
2025-11-13 11:45:12,220 - INFO - 
Epoch 61/100 | 平均训练损失：0.2928
2025-11-13 11:45:12,442 - INFO - Epoch 61/100 | 验证集指标（裁剪后）：
2025-11-13 11:45:12,442 - INFO - 平均IoU：0.0000 | 平均Dice：0.0000 | 平均F1：0.0000
2025-11-13 11:45:13,183 - INFO - Epoch 62/100 | Batch 5/8 | Train Loss: 0.2929
2025-11-13 11:45:13,588 - INFO - 
Epoch 62/100 | 平均训练损失：0.2849
2025-11-13 11:45:13,805 - INFO - Epoch 62/100 | 验证集指标（裁剪后）：
2025-11-13 11:45:13,805 - INFO - 平均IoU：0.0000 | 平均Dice：0.0000 | 平均F1：0.0000
2025-11-13 11:45:14,548 - INFO - Epoch 63/100 | Batch 5/8 | Train Loss: 0.2843
2025-11-13 11:45:14,957 - INFO - 
Epoch 63/100 | 平均训练损失：0.2854
2025-11-13 11:45:15,175 - INFO - Epoch 63/100 | 验证集指标（裁剪后）：
2025-11-13 11:45:15,175 - INFO - 平均IoU：0.0000 | 平均Dice：0.0000 | 平均F1：0.0000
2025-11-13 11:45:15,922 - INFO - Epoch 64/100 | Batch 5/8 | Train Loss: 0.2847
2025-11-13 11:45:16,327 - INFO - 
Epoch 64/100 | 平均训练损失：0.2874
2025-11-13 11:45:16,544 - INFO - Epoch 64/100 | 验证集指标（裁剪后）：
2025-11-13 11:45:16,544 - INFO - 平均IoU：0.0000 | 平均Dice：0.0000 | 平均F1：0.0000
2025-11-13 11:45:17,290 - INFO - Epoch 65/100 | Batch 5/8 | Train Loss: 0.2782
2025-11-13 11:45:17,696 - INFO - 
Epoch 65/100 | 平均训练损失：0.2865
2025-11-13 11:45:17,914 - INFO - Epoch 65/100 | 验证集指标（裁剪后）：
2025-11-13 11:45:17,914 - INFO - 平均IoU：0.0000 | 平均Dice：0.0000 | 平均F1：0.0000
2025-11-13 11:45:18,691 - INFO - Epoch 66/100 | Batch 5/8 | Train Loss: 0.2867
2025-11-13 11:45:19,098 - INFO - 
Epoch 66/100 | 平均训练损失：0.2874
2025-11-13 11:45:19,321 - INFO - Epoch 66/100 | 验证集指标（裁剪后）：
2025-11-13 11:45:19,321 - INFO - 平均IoU：0.0000 | 平均Dice：0.0000 | 平均F1：0.0000
2025-11-13 11:45:20,074 - INFO - Epoch 67/100 | Batch 5/8 | Train Loss: 0.2873
2025-11-13 11:45:20,480 - INFO - 
Epoch 67/100 | 平均训练损失：0.2869
2025-11-13 11:45:20,697 - INFO - Epoch 67/100 | 验证集指标（裁剪后）：
2025-11-13 11:45:20,697 - INFO - 平均IoU：0.0000 | 平均Dice：0.0000 | 平均F1：0.0000
2025-11-13 11:45:21,465 - INFO - Epoch 68/100 | Batch 5/8 | Train Loss: 0.2745
2025-11-13 11:45:21,870 - INFO - 
Epoch 68/100 | 平均训练损失：0.2858
2025-11-13 11:45:22,099 - INFO - Epoch 68/100 | 验证集指标（裁剪后）：
2025-11-13 11:45:22,099 - INFO - 平均IoU：0.0000 | 平均Dice：0.0000 | 平均F1：0.0000
2025-11-13 11:45:22,845 - INFO - Epoch 69/100 | Batch 5/8 | Train Loss: 0.2950
2025-11-13 11:45:23,250 - INFO - 
Epoch 69/100 | 平均训练损失：0.2929
2025-11-13 11:45:23,470 - INFO - Epoch 69/100 | 验证集指标（裁剪后）：
2025-11-13 11:45:23,470 - INFO - 平均IoU：0.0000 | 平均Dice：0.0000 | 平均F1：0.0000
2025-11-13 11:45:24,222 - INFO - Epoch 70/100 | Batch 5/8 | Train Loss: 0.2706
2025-11-13 11:45:24,629 - INFO - 
Epoch 70/100 | 平均训练损失：0.2806
2025-11-13 11:45:24,850 - INFO - Epoch 70/100 | 验证集指标（裁剪后）：
2025-11-13 11:45:24,850 - INFO - 平均IoU：0.0000 | 平均Dice：0.0000 | 平均F1：0.0000
2025-11-13 11:45:25,589 - INFO - Epoch 71/100 | Batch 5/8 | Train Loss: 0.2727
2025-11-13 11:45:25,997 - INFO - 
Epoch 71/100 | 平均训练损失：0.2880
2025-11-13 11:45:26,215 - INFO - Epoch 71/100 | 验证集指标（裁剪后）：
2025-11-13 11:45:26,215 - INFO - 平均IoU：0.0000 | 平均Dice：0.0000 | 平均F1：0.0000
2025-11-13 11:45:26,969 - INFO - Epoch 72/100 | Batch 5/8 | Train Loss: 0.2806
2025-11-13 11:45:27,373 - INFO - 
Epoch 72/100 | 平均训练损失：0.2823
2025-11-13 11:45:27,589 - INFO - Epoch 72/100 | 验证集指标（裁剪后）：
2025-11-13 11:45:27,589 - INFO - 平均IoU：0.0000 | 平均Dice：0.0000 | 平均F1：0.0000
2025-11-13 11:45:28,334 - INFO - Epoch 73/100 | Batch 5/8 | Train Loss: 0.2669
2025-11-13 11:45:28,741 - INFO - 
Epoch 73/100 | 平均训练损失：0.2813
2025-11-13 11:45:28,956 - INFO - Epoch 73/100 | 验证集指标（裁剪后）：
2025-11-13 11:45:28,956 - INFO - 平均IoU：0.0000 | 平均Dice：0.0000 | 平均F1：0.0000
2025-11-13 11:45:29,696 - INFO - Epoch 74/100 | Batch 5/8 | Train Loss: 0.2807
2025-11-13 11:45:30,101 - INFO - 
Epoch 74/100 | 平均训练损失：0.2812
2025-11-13 11:45:30,319 - INFO - Epoch 74/100 | 验证集指标（裁剪后）：
2025-11-13 11:45:30,319 - INFO - 平均IoU：0.0000 | 平均Dice：0.0000 | 平均F1：0.0000
2025-11-13 11:45:31,060 - INFO - Epoch 75/100 | Batch 5/8 | Train Loss: 0.2886
2025-11-13 11:45:31,465 - INFO - 
Epoch 75/100 | 平均训练损失：0.2821
2025-11-13 11:45:31,700 - INFO - Epoch 75/100 | 验证集指标（裁剪后）：
2025-11-13 11:45:31,700 - INFO - 平均IoU：0.0000 | 平均Dice：0.0000 | 平均F1：0.0000
2025-11-13 11:45:32,464 - INFO - Epoch 76/100 | Batch 5/8 | Train Loss: 0.2859
2025-11-13 11:45:32,872 - INFO - 
Epoch 76/100 | 平均训练损失：0.2890
2025-11-13 11:45:33,098 - INFO - Epoch 76/100 | 验证集指标（裁剪后）：
2025-11-13 11:45:33,099 - INFO - 平均IoU：0.0000 | 平均Dice：0.0000 | 平均F1：0.0000
2025-11-13 11:45:33,849 - INFO - Epoch 77/100 | Batch 5/8 | Train Loss: 0.2826
2025-11-13 11:45:34,257 - INFO - 
Epoch 77/100 | 平均训练损失：0.2840
2025-11-13 11:45:34,482 - INFO - Epoch 77/100 | 验证集指标（裁剪后）：
2025-11-13 11:45:34,483 - INFO - 平均IoU：0.0000 | 平均Dice：0.0000 | 平均F1：0.0000
2025-11-13 11:45:35,229 - INFO - Epoch 78/100 | Batch 5/8 | Train Loss: 0.2865
2025-11-13 11:45:35,640 - INFO - 
Epoch 78/100 | 平均训练损失：0.2863
2025-11-13 11:45:35,861 - INFO - Epoch 78/100 | 验证集指标（裁剪后）：
2025-11-13 11:45:35,861 - INFO - 平均IoU：0.0000 | 平均Dice：0.0000 | 平均F1：0.0000
2025-11-13 11:45:36,612 - INFO - Epoch 79/100 | Batch 5/8 | Train Loss: 0.2896
2025-11-13 11:45:37,018 - INFO - 
Epoch 79/100 | 平均训练损失：0.2854
2025-11-13 11:45:37,244 - INFO - Epoch 79/100 | 验证集指标（裁剪后）：
2025-11-13 11:45:37,244 - INFO - 平均IoU：0.0000 | 平均Dice：0.0000 | 平均F1：0.0000
2025-11-13 11:45:37,984 - INFO - Epoch 80/100 | Batch 5/8 | Train Loss: 0.2932
2025-11-13 11:45:38,390 - INFO - 
Epoch 80/100 | 平均训练损失：0.2906
2025-11-13 11:45:38,608 - INFO - Epoch 80/100 | 验证集指标（裁剪后）：
2025-11-13 11:45:38,608 - INFO - 平均IoU：0.0000 | 平均Dice：0.0000 | 平均F1：0.0000
2025-11-13 11:45:39,350 - INFO - Epoch 81/100 | Batch 5/8 | Train Loss: 0.2898
2025-11-13 11:45:39,755 - INFO - 
Epoch 81/100 | 平均训练损失：0.2837
2025-11-13 11:45:39,973 - INFO - Epoch 81/100 | 验证集指标（裁剪后）：
2025-11-13 11:45:39,973 - INFO - 平均IoU：0.0000 | 平均Dice：0.0000 | 平均F1：0.0000
2025-11-13 11:45:40,716 - INFO - Epoch 82/100 | Batch 5/8 | Train Loss: 0.3132
2025-11-13 11:45:41,121 - INFO - 
Epoch 82/100 | 平均训练损失：0.2873
2025-11-13 11:45:41,337 - INFO - Epoch 82/100 | 验证集指标（裁剪后）：
2025-11-13 11:45:41,338 - INFO - 平均IoU：0.0000 | 平均Dice：0.0000 | 平均F1：0.0000
2025-11-13 11:45:42,077 - INFO - Epoch 83/100 | Batch 5/8 | Train Loss: 0.2786
2025-11-13 11:45:42,483 - INFO - 
Epoch 83/100 | 平均训练损失：0.2844
2025-11-13 11:45:42,704 - INFO - Epoch 83/100 | 验证集指标（裁剪后）：
2025-11-13 11:45:42,704 - INFO - 平均IoU：0.0000 | 平均Dice：0.0000 | 平均F1：0.0000
2025-11-13 11:45:43,445 - INFO - Epoch 84/100 | Batch 5/8 | Train Loss: 0.2959
2025-11-13 11:45:43,852 - INFO - 
Epoch 84/100 | 平均训练损失：0.2911
2025-11-13 11:45:44,074 - INFO - Epoch 84/100 | 验证集指标（裁剪后）：
2025-11-13 11:45:44,074 - INFO - 平均IoU：0.0000 | 平均Dice：0.0000 | 平均F1：0.0000
2025-11-13 11:45:44,828 - INFO - Epoch 85/100 | Batch 5/8 | Train Loss: 0.2900
2025-11-13 11:45:45,233 - INFO - 
Epoch 85/100 | 平均训练损失：0.2879
2025-11-13 11:45:45,450 - INFO - Epoch 85/100 | 验证集指标（裁剪后）：
2025-11-13 11:45:45,450 - INFO - 平均IoU：0.0000 | 平均Dice：0.0000 | 平均F1：0.0000
2025-11-13 11:45:46,193 - INFO - Epoch 86/100 | Batch 5/8 | Train Loss: 0.2849
2025-11-13 11:45:46,598 - INFO - 
Epoch 86/100 | 平均训练损失：0.2819
2025-11-13 11:45:46,814 - INFO - Epoch 86/100 | 验证集指标（裁剪后）：
2025-11-13 11:45:46,814 - INFO - 平均IoU：0.0000 | 平均Dice：0.0000 | 平均F1：0.0000
2025-11-13 11:45:47,550 - INFO - Epoch 87/100 | Batch 5/8 | Train Loss: 0.2781
2025-11-13 11:45:47,954 - INFO - 
Epoch 87/100 | 平均训练损失：0.2832
2025-11-13 11:45:48,171 - INFO - Epoch 87/100 | 验证集指标（裁剪后）：
2025-11-13 11:45:48,171 - INFO - 平均IoU：0.0000 | 平均Dice：0.0000 | 平均F1：0.0000
2025-11-13 11:45:48,912 - INFO - Epoch 88/100 | Batch 5/8 | Train Loss: 0.2852
2025-11-13 11:45:49,320 - INFO - 
Epoch 88/100 | 平均训练损失：0.2793
2025-11-13 11:45:49,543 - INFO - Epoch 88/100 | 验证集指标（裁剪后）：
2025-11-13 11:45:49,543 - INFO - 平均IoU：0.0000 | 平均Dice：0.0000 | 平均F1：0.0000
2025-11-13 11:45:50,292 - INFO - Epoch 89/100 | Batch 5/8 | Train Loss: 0.3157
2025-11-13 11:45:50,700 - INFO - 
Epoch 89/100 | 平均训练损失：0.2860
2025-11-13 11:45:50,917 - INFO - Epoch 89/100 | 验证集指标（裁剪后）：
2025-11-13 11:45:50,917 - INFO - 平均IoU：0.0000 | 平均Dice：0.0000 | 平均F1：0.0000
2025-11-13 11:45:51,661 - INFO - Epoch 90/100 | Batch 5/8 | Train Loss: 0.2763
2025-11-13 11:45:52,068 - INFO - 
Epoch 90/100 | 平均训练损失：0.2919
2025-11-13 11:45:52,283 - INFO - Epoch 90/100 | 验证集指标（裁剪后）：
2025-11-13 11:45:52,284 - INFO - 平均IoU：0.0000 | 平均Dice：0.0000 | 平均F1：0.0000
2025-11-13 11:45:53,030 - INFO - Epoch 91/100 | Batch 5/8 | Train Loss: 0.2782
2025-11-13 11:45:53,436 - INFO - 
Epoch 91/100 | 平均训练损失：0.2911
2025-11-13 11:45:53,653 - INFO - Epoch 91/100 | 验证集指标（裁剪后）：
2025-11-13 11:45:53,653 - INFO - 平均IoU：0.0000 | 平均Dice：0.0000 | 平均F1：0.0000
2025-11-13 11:45:54,441 - INFO - Epoch 92/100 | Batch 5/8 | Train Loss: 0.2741
2025-11-13 11:45:54,847 - INFO - 
Epoch 92/100 | 平均训练损失：0.2812
2025-11-13 11:45:55,079 - INFO - Epoch 92/100 | 验证集指标（裁剪后）：
2025-11-13 11:45:55,079 - INFO - 平均IoU：0.0000 | 平均Dice：0.0000 | 平均F1：0.0000
2025-11-13 11:45:55,822 - INFO - Epoch 93/100 | Batch 5/8 | Train Loss: 0.2800
2025-11-13 11:45:56,227 - INFO - 
Epoch 93/100 | 平均训练损失：0.2862
2025-11-13 11:45:56,446 - INFO - Epoch 93/100 | 验证集指标（裁剪后）：
2025-11-13 11:45:56,446 - INFO - 平均IoU：0.0000 | 平均Dice：0.0000 | 平均F1：0.0000
2025-11-13 11:45:57,197 - INFO - Epoch 94/100 | Batch 5/8 | Train Loss: 0.2855
2025-11-13 11:45:57,603 - INFO - 
Epoch 94/100 | 平均训练损失：0.2820
2025-11-13 11:45:57,818 - INFO - Epoch 94/100 | 验证集指标（裁剪后）：
2025-11-13 11:45:57,818 - INFO - 平均IoU：0.0000 | 平均Dice：0.0000 | 平均F1：0.0000
2025-11-13 11:45:58,564 - INFO - Epoch 95/100 | Batch 5/8 | Train Loss: 0.2878
2025-11-13 11:45:58,971 - INFO - 
Epoch 95/100 | 平均训练损失：0.2828
2025-11-13 11:45:59,189 - INFO - Epoch 95/100 | 验证集指标（裁剪后）：
2025-11-13 11:45:59,189 - INFO - 平均IoU：0.0000 | 平均Dice：0.0000 | 平均F1：0.0000
2025-11-13 11:45:59,932 - INFO - Epoch 96/100 | Batch 5/8 | Train Loss: 0.2840
2025-11-13 11:46:00,336 - INFO - 
Epoch 96/100 | 平均训练损失：0.2804
2025-11-13 11:46:00,551 - INFO - Epoch 96/100 | 验证集指标（裁剪后）：
2025-11-13 11:46:00,552 - INFO - 平均IoU：0.0000 | 平均Dice：0.0000 | 平均F1：0.0000
2025-11-13 11:46:01,295 - INFO - Epoch 97/100 | Batch 5/8 | Train Loss: 0.2728
2025-11-13 11:46:01,700 - INFO - 
Epoch 97/100 | 平均训练损失：0.2821
2025-11-13 11:46:01,923 - INFO - Epoch 97/100 | 验证集指标（裁剪后）：
2025-11-13 11:46:01,924 - INFO - 平均IoU：0.0000 | 平均Dice：0.0000 | 平均F1：0.0000
2025-11-13 11:46:02,664 - INFO - Epoch 98/100 | Batch 5/8 | Train Loss: 0.2711
2025-11-13 11:46:03,069 - INFO - 
Epoch 98/100 | 平均训练损失：0.2814
2025-11-13 11:46:03,285 - INFO - Epoch 98/100 | 验证集指标（裁剪后）：
2025-11-13 11:46:03,285 - INFO - 平均IoU：0.0000 | 平均Dice：0.0000 | 平均F1：0.0000
2025-11-13 11:46:04,028 - INFO - Epoch 99/100 | Batch 5/8 | Train Loss: 0.2708
2025-11-13 11:46:04,434 - INFO - 
Epoch 99/100 | 平均训练损失：0.2884
2025-11-13 11:46:04,649 - INFO - Epoch 99/100 | 验证集指标（裁剪后）：
2025-11-13 11:46:04,649 - INFO - 平均IoU：0.0000 | 平均Dice：0.0000 | 平均F1：0.0000
2025-11-13 11:46:05,391 - INFO - Epoch 100/100 | Batch 5/8 | Train Loss: 0.2877
2025-11-13 11:46:05,797 - INFO - 
Epoch 100/100 | 平均训练损失：0.2871
2025-11-13 11:46:06,019 - INFO - Epoch 100/100 | 验证集指标（裁剪后）：
2025-11-13 11:46:06,019 - INFO - 平均IoU：0.0000 | 平均Dice：0.0000 | 平均F1：0.0000
2025-11-13 11:46:06,019 - INFO - 
训练完成！最佳验证集F1：0.0000
2025-11-13 11:46:06,020 - ERROR - 未找到模型文件：/root/autodl-tmp/UNET-ZOO-master/saved_model/carunet_best.pth
2025-11-13 11:48:41,903 - INFO - 使用设备：cuda
2025-11-13 11:48:42,148 - INFO - 
数据集加载完成：
2025-11-13 11:48:42,148 - INFO - 训练集：16张图像 | 验证集：2张图像 | 测试集：20张图像
2025-11-13 11:48:42,334 - INFO - CAR-UNet模型初始化完成
2025-11-13 11:48:42,335 - INFO - 
开始训练CAR-UNet（共100轮）：
2025-11-13 11:48:43,619 - INFO - Epoch 1/100 | Batch 5/8 | Train Loss: 5.1710
2025-11-13 11:48:44,017 - INFO - 
Epoch 1/100 | 平均训练损失：5.4862
2025-11-13 11:48:44,304 - INFO - Epoch 1/100 | 验证集指标（裁剪后）：
2025-11-13 11:48:44,304 - INFO - 平均IoU：0.0825 | 平均Dice：0.1524 | 平均F1：0.1524
2025-11-13 11:48:44,326 - INFO - ====== 保存最优模型（F1：0.1524）======
2025-11-13 11:48:45,097 - INFO - Epoch 2/100 | Batch 5/8 | Train Loss: 4.4352
2025-11-13 11:48:45,500 - INFO - 
Epoch 2/100 | 平均训练损失：4.3223
2025-11-13 11:48:45,761 - INFO - Epoch 2/100 | 验证集指标（裁剪后）：
2025-11-13 11:48:45,761 - INFO - 平均IoU：0.0825 | 平均Dice：0.1524 | 平均F1：0.1524
2025-11-13 11:48:46,522 - INFO - Epoch 3/100 | Batch 5/8 | Train Loss: 4.0933
2025-11-13 11:48:46,927 - INFO - 
Epoch 3/100 | 平均训练损失：3.7181
2025-11-13 11:48:47,264 - INFO - Epoch 3/100 | 验证集指标（裁剪后）：
2025-11-13 11:48:47,264 - INFO - 平均IoU：0.0825 | 平均Dice：0.1524 | 平均F1：0.1524
2025-11-13 11:48:48,030 - INFO - Epoch 4/100 | Batch 5/8 | Train Loss: 3.2218
2025-11-13 11:48:48,435 - INFO - 
Epoch 4/100 | 平均训练损失：3.3409
2025-11-13 11:48:48,696 - INFO - Epoch 4/100 | 验证集指标（裁剪后）：
2025-11-13 11:48:48,697 - INFO - 平均IoU：0.0825 | 平均Dice：0.1524 | 平均F1：0.1524
2025-11-13 11:48:49,462 - INFO - Epoch 5/100 | Batch 5/8 | Train Loss: 3.1452
2025-11-13 11:48:49,865 - INFO - 
Epoch 5/100 | 平均训练损失：3.0448
2025-11-13 11:48:50,125 - INFO - Epoch 5/100 | 验证集指标（裁剪后）：
2025-11-13 11:48:50,125 - INFO - 平均IoU：0.0825 | 平均Dice：0.1524 | 平均F1：0.1524
2025-11-13 11:48:50,893 - INFO - Epoch 6/100 | Batch 5/8 | Train Loss: 2.6523
2025-11-13 11:48:51,294 - INFO - 
Epoch 6/100 | 平均训练损失：2.8689
2025-11-13 11:48:51,634 - INFO - Epoch 6/100 | 验证集指标（裁剪后）：
2025-11-13 11:48:51,634 - INFO - 平均IoU：0.0825 | 平均Dice：0.1524 | 平均F1：0.1524
2025-11-13 11:48:52,398 - INFO - Epoch 7/100 | Batch 5/8 | Train Loss: 2.6708
2025-11-13 11:48:52,803 - INFO - 
Epoch 7/100 | 平均训练损失：2.6616
2025-11-13 11:48:53,063 - INFO - Epoch 7/100 | 验证集指标（裁剪后）：
2025-11-13 11:48:53,063 - INFO - 平均IoU：0.0825 | 平均Dice：0.1524 | 平均F1：0.1524
2025-11-13 11:48:53,833 - INFO - Epoch 8/100 | Batch 5/8 | Train Loss: 2.6236
2025-11-13 11:48:54,238 - INFO - 
Epoch 8/100 | 平均训练损失：2.6011
2025-11-13 11:48:54,498 - INFO - Epoch 8/100 | 验证集指标（裁剪后）：
2025-11-13 11:48:54,498 - INFO - 平均IoU：0.0825 | 平均Dice：0.1524 | 平均F1：0.1524
2025-11-13 11:48:55,264 - INFO - Epoch 9/100 | Batch 5/8 | Train Loss: 2.4441
2025-11-13 11:48:55,670 - INFO - 
Epoch 9/100 | 平均训练损失：2.5002
2025-11-13 11:48:55,935 - INFO - Epoch 9/100 | 验证集指标（裁剪后）：
2025-11-13 11:48:55,935 - INFO - 平均IoU：0.0825 | 平均Dice：0.1524 | 平均F1：0.1524
2025-11-13 11:48:56,711 - INFO - Epoch 10/100 | Batch 5/8 | Train Loss: 2.3107
2025-11-13 11:48:57,115 - INFO - 
Epoch 10/100 | 平均训练损失：2.4127
2025-11-13 11:48:57,441 - INFO - Epoch 10/100 | 验证集指标（裁剪后）：
2025-11-13 11:48:57,442 - INFO - 平均IoU：0.0825 | 平均Dice：0.1524 | 平均F1：0.1524
2025-11-13 11:48:58,206 - INFO - Epoch 11/100 | Batch 5/8 | Train Loss: 2.2898
2025-11-13 11:48:58,611 - INFO - 
Epoch 11/100 | 平均训练损失：2.4018
2025-11-13 11:48:58,875 - INFO - Epoch 11/100 | 验证集指标（裁剪后）：
2025-11-13 11:48:58,875 - INFO - 平均IoU：0.0825 | 平均Dice：0.1524 | 平均F1：0.1524
2025-11-13 11:48:58,909 - INFO - ====== 保存最优模型（F1：0.1524）======
2025-11-13 11:48:59,705 - INFO - Epoch 12/100 | Batch 5/8 | Train Loss: 2.2756
2025-11-13 11:49:00,111 - INFO - 
Epoch 12/100 | 平均训练损失：2.3607
2025-11-13 11:49:00,396 - INFO - Epoch 12/100 | 验证集指标（裁剪后）：
2025-11-13 11:49:00,396 - INFO - 平均IoU：0.0826 | 平均Dice：0.1524 | 平均F1：0.1524
2025-11-13 11:49:00,426 - INFO - ====== 保存最优模型（F1：0.1524）======
2025-11-13 11:49:01,196 - INFO - Epoch 13/100 | Batch 5/8 | Train Loss: 2.3240
2025-11-13 11:49:01,600 - INFO - 
Epoch 13/100 | 平均训练损失：2.3347
2025-11-13 11:49:01,867 - INFO - Epoch 13/100 | 验证集指标（裁剪后）：
2025-11-13 11:49:01,867 - INFO - 平均IoU：0.0825 | 平均Dice：0.1524 | 平均F1：0.1524
2025-11-13 11:49:02,639 - INFO - Epoch 14/100 | Batch 5/8 | Train Loss: 2.2774
2025-11-13 11:49:03,048 - INFO - 
Epoch 14/100 | 平均训练损失：2.2604
2025-11-13 11:49:03,317 - INFO - Epoch 14/100 | 验证集指标（裁剪后）：
2025-11-13 11:49:03,317 - INFO - 平均IoU：0.0825 | 平均Dice：0.1524 | 平均F1：0.1524
2025-11-13 11:49:04,077 - INFO - Epoch 15/100 | Batch 5/8 | Train Loss: 2.2570
2025-11-13 11:49:04,483 - INFO - 
Epoch 15/100 | 平均训练损失：2.2057
2025-11-13 11:49:04,738 - INFO - Epoch 15/100 | 验证集指标（裁剪后）：
2025-11-13 11:49:04,738 - INFO - 平均IoU：0.1153 | 平均Dice：0.2067 | 平均F1：0.2067
2025-11-13 11:49:04,763 - INFO - ====== 保存最优模型（F1：0.2067）======
2025-11-13 11:49:05,533 - INFO - Epoch 16/100 | Batch 5/8 | Train Loss: 2.0523
2025-11-13 11:49:05,937 - INFO - 
Epoch 16/100 | 平均训练损失：2.1353
2025-11-13 11:49:06,197 - INFO - Epoch 16/100 | 验证集指标（裁剪后）：
2025-11-13 11:49:06,198 - INFO - 平均IoU：0.0972 | 平均Dice：0.1770 | 平均F1：0.1770
2025-11-13 11:49:06,959 - INFO - Epoch 17/100 | Batch 5/8 | Train Loss: 2.0777
2025-11-13 11:49:07,365 - INFO - 
Epoch 17/100 | 平均训练损失：2.1039
2025-11-13 11:49:07,630 - INFO - Epoch 17/100 | 验证集指标（裁剪后）：
2025-11-13 11:49:07,630 - INFO - 平均IoU：0.0984 | 平均Dice：0.1792 | 平均F1：0.1792
2025-11-13 11:49:08,398 - INFO - Epoch 18/100 | Batch 5/8 | Train Loss: 2.2157
2025-11-13 11:49:08,802 - INFO - 
Epoch 18/100 | 平均训练损失：2.1512
2025-11-13 11:49:09,063 - INFO - Epoch 18/100 | 验证集指标（裁剪后）：
2025-11-13 11:49:09,063 - INFO - 平均IoU：0.0892 | 平均Dice：0.1637 | 平均F1：0.1637
2025-11-13 11:49:09,836 - INFO - Epoch 19/100 | Batch 5/8 | Train Loss: 2.1964
2025-11-13 11:49:10,242 - INFO - 
Epoch 19/100 | 平均训练损失：2.0896
2025-11-13 11:49:10,502 - INFO - Epoch 19/100 | 验证集指标（裁剪后）：
2025-11-13 11:49:10,502 - INFO - 平均IoU：0.0938 | 平均Dice：0.1715 | 平均F1：0.1715
2025-11-13 11:49:11,268 - INFO - Epoch 20/100 | Batch 5/8 | Train Loss: 2.0620
2025-11-13 11:49:11,673 - INFO - 
Epoch 20/100 | 平均训练损失：2.0865
2025-11-13 11:49:11,934 - INFO - Epoch 20/100 | 验证集指标（裁剪后）：
2025-11-13 11:49:11,935 - INFO - 平均IoU：0.1076 | 平均Dice：0.1943 | 平均F1：0.1943
2025-11-13 11:49:12,712 - INFO - Epoch 21/100 | Batch 5/8 | Train Loss: 2.0485
2025-11-13 11:49:13,118 - INFO - 
Epoch 21/100 | 平均训练损失：2.0238
2025-11-13 11:49:13,372 - INFO - Epoch 21/100 | 验证集指标（裁剪后）：
2025-11-13 11:49:13,372 - INFO - 平均IoU：0.1190 | 平均Dice：0.2125 | 平均F1：0.2125
2025-11-13 11:49:13,396 - INFO - ====== 保存最优模型（F1：0.2125）======
2025-11-13 11:49:14,175 - INFO - Epoch 22/100 | Batch 5/8 | Train Loss: 1.9653
2025-11-13 11:49:14,581 - INFO - 
Epoch 22/100 | 平均训练损失：2.0413
2025-11-13 11:49:14,833 - INFO - Epoch 22/100 | 验证集指标（裁剪后）：
2025-11-13 11:49:14,833 - INFO - 平均IoU：0.1188 | 平均Dice：0.2122 | 平均F1：0.2122
2025-11-13 11:49:15,602 - INFO - Epoch 23/100 | Batch 5/8 | Train Loss: 1.9951
2025-11-13 11:49:16,008 - INFO - 
Epoch 23/100 | 平均训练损失：1.9174
2025-11-13 11:49:16,260 - INFO - Epoch 23/100 | 验证集指标（裁剪后）：
2025-11-13 11:49:16,260 - INFO - 平均IoU：0.1189 | 平均Dice：0.2123 | 平均F1：0.2123
2025-11-13 11:49:17,028 - INFO - Epoch 24/100 | Batch 5/8 | Train Loss: 1.9373
2025-11-13 11:49:17,434 - INFO - 
Epoch 24/100 | 平均训练损失：1.9622
2025-11-13 11:49:17,686 - INFO - Epoch 24/100 | 验证集指标（裁剪后）：
2025-11-13 11:49:17,686 - INFO - 平均IoU：0.1189 | 平均Dice：0.2123 | 平均F1：0.2123
2025-11-13 11:49:18,456 - INFO - Epoch 25/100 | Batch 5/8 | Train Loss: 2.0189
2025-11-13 11:49:18,862 - INFO - 
Epoch 25/100 | 平均训练损失：1.9396
2025-11-13 11:49:19,126 - INFO - Epoch 25/100 | 验证集指标（裁剪后）：
2025-11-13 11:49:19,126 - INFO - 平均IoU：0.1188 | 平均Dice：0.2122 | 平均F1：0.2122
2025-11-13 11:49:19,895 - INFO - Epoch 26/100 | Batch 5/8 | Train Loss: 1.8093
2025-11-13 11:49:20,303 - INFO - 
Epoch 26/100 | 平均训练损失：1.9380
2025-11-13 11:49:20,557 - INFO - Epoch 26/100 | 验证集指标（裁剪后）：
2025-11-13 11:49:20,557 - INFO - 平均IoU：0.1185 | 平均Dice：0.2116 | 平均F1：0.2116
2025-11-13 11:49:21,319 - INFO - Epoch 27/100 | Batch 5/8 | Train Loss: 2.0528
2025-11-13 11:49:21,724 - INFO - 
Epoch 27/100 | 平均训练损失：1.8902
2025-11-13 11:49:21,974 - INFO - Epoch 27/100 | 验证集指标（裁剪后）：
2025-11-13 11:49:21,974 - INFO - 平均IoU：0.1189 | 平均Dice：0.2123 | 平均F1：0.2123
2025-11-13 11:49:22,741 - INFO - Epoch 28/100 | Batch 5/8 | Train Loss: 1.8487
2025-11-13 11:49:23,143 - INFO - 
Epoch 28/100 | 平均训练损失：1.8752
2025-11-13 11:49:23,397 - INFO - Epoch 28/100 | 验证集指标（裁剪后）：
2025-11-13 11:49:23,398 - INFO - 平均IoU：0.1188 | 平均Dice：0.2122 | 平均F1：0.2122
2025-11-13 11:49:24,165 - INFO - Epoch 29/100 | Batch 5/8 | Train Loss: 1.9057
2025-11-13 11:49:24,569 - INFO - 
Epoch 29/100 | 平均训练损失：1.8345
2025-11-13 11:49:24,821 - INFO - Epoch 29/100 | 验证集指标（裁剪后）：
2025-11-13 11:49:24,821 - INFO - 平均IoU：0.1191 | 平均Dice：0.2127 | 平均F1：0.2127
2025-11-13 11:49:24,845 - INFO - ====== 保存最优模型（F1：0.2127）======
2025-11-13 11:49:25,654 - INFO - Epoch 30/100 | Batch 5/8 | Train Loss: 1.8910
2025-11-13 11:49:26,059 - INFO - 
Epoch 30/100 | 平均训练损失：1.8230
2025-11-13 11:49:26,309 - INFO - Epoch 30/100 | 验证集指标（裁剪后）：
2025-11-13 11:49:26,309 - INFO - 平均IoU：0.1189 | 平均Dice：0.2124 | 平均F1：0.2124
2025-11-13 11:49:27,087 - INFO - Epoch 31/100 | Batch 5/8 | Train Loss: 1.9058
2025-11-13 11:49:27,492 - INFO - 
Epoch 31/100 | 平均训练损失：1.8186
2025-11-13 11:49:27,748 - INFO - Epoch 31/100 | 验证集指标（裁剪后）：
2025-11-13 11:49:27,748 - INFO - 平均IoU：0.1191 | 平均Dice：0.2127 | 平均F1：0.2127
2025-11-13 11:49:27,773 - INFO - ====== 保存最优模型（F1：0.2127）======
2025-11-13 11:49:28,549 - INFO - Epoch 32/100 | Batch 5/8 | Train Loss: 1.7967
2025-11-13 11:49:28,952 - INFO - 
Epoch 32/100 | 平均训练损失：1.8726
2025-11-13 11:49:29,201 - INFO - Epoch 32/100 | 验证集指标（裁剪后）：
2025-11-13 11:49:29,201 - INFO - 平均IoU：0.1189 | 平均Dice：0.2123 | 平均F1：0.2123
2025-11-13 11:49:29,966 - INFO - Epoch 33/100 | Batch 5/8 | Train Loss: 1.8471
2025-11-13 11:49:30,370 - INFO - 
Epoch 33/100 | 平均训练损失：1.7999
2025-11-13 11:49:30,624 - INFO - Epoch 33/100 | 验证集指标（裁剪后）：
2025-11-13 11:49:30,624 - INFO - 平均IoU：0.1189 | 平均Dice：0.2123 | 平均F1：0.2123
2025-11-13 11:49:31,394 - INFO - Epoch 34/100 | Batch 5/8 | Train Loss: 1.7245
2025-11-13 11:49:31,797 - INFO - 
Epoch 34/100 | 平均训练损失：1.8027
2025-11-13 11:49:32,048 - INFO - Epoch 34/100 | 验证集指标（裁剪后）：
2025-11-13 11:49:32,048 - INFO - 平均IoU：0.1190 | 平均Dice：0.2125 | 平均F1：0.2125
2025-11-13 11:49:32,818 - INFO - Epoch 35/100 | Batch 5/8 | Train Loss: 1.9066
2025-11-13 11:49:33,226 - INFO - 
Epoch 35/100 | 平均训练损失：1.8281
2025-11-13 11:49:33,477 - INFO - Epoch 35/100 | 验证集指标（裁剪后）：
2025-11-13 11:49:33,477 - INFO - 平均IoU：0.1193 | 平均Dice：0.2130 | 平均F1：0.2130
2025-11-13 11:49:33,501 - INFO - ====== 保存最优模型（F1：0.2130）======
2025-11-13 11:49:34,272 - INFO - Epoch 36/100 | Batch 5/8 | Train Loss: 1.8072
2025-11-13 11:49:34,678 - INFO - 
Epoch 36/100 | 平均训练损失：1.8233
2025-11-13 11:49:34,929 - INFO - Epoch 36/100 | 验证集指标（裁剪后）：
2025-11-13 11:49:34,930 - INFO - 平均IoU：0.1193 | 平均Dice：0.2130 | 平均F1：0.2130
2025-11-13 11:49:35,698 - INFO - Epoch 37/100 | Batch 5/8 | Train Loss: 1.8096
2025-11-13 11:49:36,102 - INFO - 
Epoch 37/100 | 平均训练损失：1.8026
2025-11-13 11:49:36,426 - INFO - Epoch 37/100 | 验证集指标（裁剪后）：
2025-11-13 11:49:36,426 - INFO - 平均IoU：0.1192 | 平均Dice：0.2128 | 平均F1：0.2128
2025-11-13 11:49:37,193 - INFO - Epoch 38/100 | Batch 5/8 | Train Loss: 1.9390
2025-11-13 11:49:37,599 - INFO - 
Epoch 38/100 | 平均训练损失：1.8108
2025-11-13 11:49:37,857 - INFO - Epoch 38/100 | 验证集指标（裁剪后）：
2025-11-13 11:49:37,857 - INFO - 平均IoU：0.1191 | 平均Dice：0.2127 | 平均F1：0.2127
2025-11-13 11:49:38,626 - INFO - Epoch 39/100 | Batch 5/8 | Train Loss: 1.7354
2025-11-13 11:49:39,032 - INFO - 
Epoch 39/100 | 平均训练损失：1.7506
2025-11-13 11:49:39,285 - INFO - Epoch 39/100 | 验证集指标（裁剪后）：
2025-11-13 11:49:39,285 - INFO - 平均IoU：0.1193 | 平均Dice：0.2129 | 平均F1：0.2129
2025-11-13 11:49:40,055 - INFO - Epoch 40/100 | Batch 5/8 | Train Loss: 1.8795
2025-11-13 11:49:40,465 - INFO - 
Epoch 40/100 | 平均训练损失：1.7719
2025-11-13 11:49:40,721 - INFO - Epoch 40/100 | 验证集指标（裁剪后）：
2025-11-13 11:49:40,721 - INFO - 平均IoU：0.1193 | 平均Dice：0.2130 | 平均F1：0.2130
2025-11-13 11:49:41,488 - INFO - Epoch 41/100 | Batch 5/8 | Train Loss: 1.8801
2025-11-13 11:49:41,896 - INFO - 
Epoch 41/100 | 平均训练损失：1.7438
2025-11-13 11:49:42,149 - INFO - Epoch 41/100 | 验证集指标（裁剪后）：
2025-11-13 11:49:42,149 - INFO - 平均IoU：0.1194 | 平均Dice：0.2131 | 平均F1：0.2131
2025-11-13 11:49:42,177 - INFO - ====== 保存最优模型（F1：0.2131）======
2025-11-13 11:49:42,954 - INFO - Epoch 42/100 | Batch 5/8 | Train Loss: 1.8148
2025-11-13 11:49:43,359 - INFO - 
Epoch 42/100 | 平均训练损失：1.7539
2025-11-13 11:49:43,615 - INFO - Epoch 42/100 | 验证集指标（裁剪后）：
2025-11-13 11:49:43,615 - INFO - 平均IoU：0.1193 | 平均Dice：0.2129 | 平均F1：0.2129
2025-11-13 11:49:44,384 - INFO - Epoch 43/100 | Batch 5/8 | Train Loss: 1.7220
2025-11-13 11:49:44,791 - INFO - 
Epoch 43/100 | 平均训练损失：1.7761
2025-11-13 11:49:45,052 - INFO - Epoch 43/100 | 验证集指标（裁剪后）：
2025-11-13 11:49:45,052 - INFO - 平均IoU：0.1193 | 平均Dice：0.2130 | 平均F1：0.2130
2025-11-13 11:49:45,834 - INFO - Epoch 44/100 | Batch 5/8 | Train Loss: 1.7193
2025-11-13 11:49:46,242 - INFO - 
Epoch 44/100 | 平均训练损失：1.7318
2025-11-13 11:49:46,497 - INFO - Epoch 44/100 | 验证集指标（裁剪后）：
2025-11-13 11:49:46,497 - INFO - 平均IoU：0.1190 | 平均Dice：0.2125 | 平均F1：0.2125
2025-11-13 11:49:47,276 - INFO - Epoch 45/100 | Batch 5/8 | Train Loss: 1.6132
2025-11-13 11:49:47,683 - INFO - 
Epoch 45/100 | 平均训练损失：1.7457
2025-11-13 11:49:47,936 - INFO - Epoch 45/100 | 验证集指标（裁剪后）：
2025-11-13 11:49:47,936 - INFO - 平均IoU：0.1191 | 平均Dice：0.2126 | 平均F1：0.2126
2025-11-13 11:49:48,709 - INFO - Epoch 46/100 | Batch 5/8 | Train Loss: 1.8148
2025-11-13 11:49:49,117 - INFO - 
Epoch 46/100 | 平均训练损失：1.7257
2025-11-13 11:49:49,379 - INFO - Epoch 46/100 | 验证集指标（裁剪后）：
2025-11-13 11:49:49,379 - INFO - 平均IoU：0.1190 | 平均Dice：0.2125 | 平均F1：0.2125
2025-11-13 11:49:50,150 - INFO - Epoch 47/100 | Batch 5/8 | Train Loss: 1.9169
2025-11-13 11:49:50,556 - INFO - 
Epoch 47/100 | 平均训练损失：1.7545
2025-11-13 11:49:50,811 - INFO - Epoch 47/100 | 验证集指标（裁剪后）：
2025-11-13 11:49:50,811 - INFO - 平均IoU：0.1191 | 平均Dice：0.2127 | 平均F1：0.2127
2025-11-13 11:49:51,586 - INFO - Epoch 48/100 | Batch 5/8 | Train Loss: 1.8413
2025-11-13 11:49:51,995 - INFO - 
Epoch 48/100 | 平均训练损失：1.7210
2025-11-13 11:49:52,248 - INFO - Epoch 48/100 | 验证集指标（裁剪后）：
2025-11-13 11:49:52,249 - INFO - 平均IoU：0.1191 | 平均Dice：0.2127 | 平均F1：0.2127
