2025-11-13 08:49:58,541 - INFO - 使用设备：cpu
2025-11-13 08:50:01,338 - INFO - 
数据集加载完成：
2025-11-13 08:50:01,338 - INFO - 训练集：10000个样本块（48×48）
2025-11-13 08:50:01,338 - INFO - 验证集：4张完整图像
2025-11-13 08:50:01,338 - INFO - 测试集：20张完整图像
2025-11-13 08:50:02,146 - INFO - 模型初始化完成：LightM-UNet（参数量：16.74 M）
2025-11-13 08:50:02,147 - INFO - 
开始训练（共100轮）：
2025-11-13 08:51:53,427 - INFO - 使用设备：cuda
2025-11-13 08:51:53,882 - INFO - 
数据集加载完成：
2025-11-13 08:51:53,882 - INFO - 训练集：10000个样本块（48×48）
2025-11-13 08:51:53,883 - INFO - 验证集：4张完整图像
2025-11-13 08:51:53,883 - INFO - 测试集：20张完整图像
2025-11-13 08:51:54,224 - INFO - 模型初始化完成：LightM-UNet（参数量：16.74 M）
2025-11-13 08:51:54,225 - INFO - 
开始训练（共100轮）：
2025-11-13 08:53:56,495 - INFO - 使用设备：cuda
2025-11-13 08:53:56,990 - INFO - 
数据集加载完成：
2025-11-13 08:53:56,990 - INFO - 训练集：10000个样本块（48×48）
2025-11-13 08:53:56,990 - INFO - 验证集：4张完整图像
2025-11-13 08:53:56,990 - INFO - 测试集：20张完整图像
2025-11-13 08:53:57,349 - INFO - 模型初始化完成：LightM-UNet（参数量：16.74 M）
2025-11-13 08:53:57,351 - INFO - 
开始训练（共100轮）：
2025-11-13 08:56:20,563 - INFO - 使用设备：cuda
2025-11-13 08:56:21,011 - INFO - 
数据集加载完成：
2025-11-13 08:56:21,011 - INFO - 训练集：10000个样本块（48×48）
2025-11-13 08:56:21,011 - INFO - 验证集：4张完整图像
2025-11-13 08:56:21,011 - INFO - 测试集：20张完整图像
2025-11-13 08:56:21,353 - INFO - 模型初始化完成：LightM-UNet（参数量：16.74 M）
2025-11-13 08:56:21,354 - INFO - 
开始训练（共100轮）：
2025-11-13 08:58:09,652 - INFO - 使用设备：cuda
2025-11-13 08:58:10,107 - INFO - 
数据集加载完成：
2025-11-13 08:58:10,107 - INFO - 训练集：10000个样本块（48×48）
2025-11-13 08:58:10,107 - INFO - 验证集：4张完整图像
2025-11-13 08:58:10,107 - INFO - 测试集：20张完整图像
2025-11-13 08:58:10,432 - INFO - 模型初始化完成：LightM-UNet（参数量：16.74 M）
2025-11-13 08:58:10,434 - INFO - 
开始训练（共100轮）：
2025-11-13 09:01:52,934 - INFO - 使用设备：cuda
2025-11-13 09:01:53,381 - INFO - 
数据集加载完成：
2025-11-13 09:01:53,382 - INFO - 训练集：10000个样本块（48×48）
2025-11-13 09:01:53,382 - INFO - 验证集：4张完整图像
2025-11-13 09:01:53,382 - INFO - 测试集：20张完整图像
2025-11-13 09:01:53,727 - INFO - 模型初始化完成：LightM-UNet（参数量：16.74 M）
2025-11-13 09:01:53,729 - INFO - 
开始训练（共100轮）：
2025-11-13 09:03:30,379 - INFO - 使用设备：cuda
2025-11-13 09:03:30,832 - INFO - 
数据集加载完成：
2025-11-13 09:03:30,832 - INFO - 训练集：10000个样本块（48×48）
2025-11-13 09:03:30,832 - INFO - 验证集：4张完整图像
2025-11-13 09:03:30,832 - INFO - 测试集：20张完整图像
2025-11-13 09:03:31,156 - INFO - 模型初始化完成：LightM-UNet（参数量：16.74 M）
2025-11-13 09:03:31,158 - INFO - 
开始训练（共100轮）：
2025-11-13 09:04:12,007 - INFO - 使用设备：cuda
2025-11-13 09:04:12,460 - INFO - 
数据集加载完成：
2025-11-13 09:04:12,460 - INFO - 训练集：10000个样本块（48×48）
2025-11-13 09:04:12,460 - INFO - 验证集：4张完整图像
2025-11-13 09:04:12,460 - INFO - 测试集：20张完整图像
2025-11-13 09:04:12,779 - INFO - 模型初始化完成：LightM-UNet（参数量：16.74 M）
2025-11-13 09:04:12,781 - INFO - 
开始训练（共100轮）：
2025-11-13 09:09:46,859 - INFO - 使用设备：cuda
2025-11-13 09:09:47,317 - INFO - 
数据集加载完成：
2025-11-13 09:09:47,317 - INFO - 训练集：10000个样本块（48×48）
2025-11-13 09:09:47,317 - INFO - 验证集：4张完整图像
2025-11-13 09:09:47,317 - INFO - 测试集：20张完整图像
2025-11-13 09:09:47,662 - INFO - 模型初始化完成：LightM-UNet（参数量：16.74 M）
2025-11-13 09:09:47,664 - INFO - 
开始训练（共100轮）：
2025-11-13 09:12:11,908 - INFO - 使用设备：cuda
2025-11-13 09:12:12,357 - INFO - 
数据集加载完成：
2025-11-13 09:12:12,357 - INFO - 训练集：10000个样本块（48×48）
2025-11-13 09:12:12,357 - INFO - 验证集：4张完整图像
2025-11-13 09:12:12,357 - INFO - 测试集：20张完整图像
2025-11-13 09:12:12,677 - INFO - 模型初始化完成：LightM-UNet（参数量：16.74 M）
2025-11-13 09:12:12,679 - INFO - 
开始训练（共100轮）：
2025-11-13 09:17:48,758 - INFO - 使用设备：cuda
2025-11-13 09:17:49,240 - INFO - 
数据集加载完成：
2025-11-13 09:17:49,241 - INFO - 训练集：10000个样本块（48×48）
2025-11-13 09:17:49,241 - INFO - 验证集：4张完整图像
2025-11-13 09:17:49,241 - INFO - 测试集：20张完整图像
2025-11-13 09:17:49,589 - INFO - 模型初始化完成：LightM-UNet（参数量：16.74 M）
2025-11-13 09:17:49,590 - INFO - 
开始训练（共100轮）：
2025-11-13 09:18:20,180 - INFO - 使用设备：cuda
2025-11-13 09:18:20,643 - INFO - 
数据集加载完成：
2025-11-13 09:18:20,643 - INFO - 训练集：10000个样本块（48×48）
2025-11-13 09:18:20,643 - INFO - 验证集：4张完整图像
2025-11-13 09:18:20,643 - INFO - 测试集：20张完整图像
2025-11-13 09:18:20,966 - INFO - 模型初始化完成：LightM-UNet（参数量：16.74 M）
2025-11-13 09:18:20,967 - INFO - 
开始训练（共100轮）：
2025-11-13 09:19:50,471 - INFO - 使用设备：cuda
2025-11-13 09:19:50,933 - INFO - 
数据集加载完成：
2025-11-13 09:19:50,934 - INFO - 训练集：10000个样本块（48×48）
2025-11-13 09:19:50,934 - INFO - 验证集：4张完整图像
2025-11-13 09:19:50,934 - INFO - 测试集：20张完整图像
2025-11-13 09:19:51,318 - INFO - 模型初始化完成：LightM-UNet（参数量：16.74 M）
2025-11-13 09:19:51,320 - INFO - 
开始训练（共100轮）：
2025-11-13 09:20:34,693 - INFO - Epoch 1/100 | Batch 10/313 | Train Loss: 0.3984
2025-11-13 09:21:17,480 - INFO - Epoch 1/100 | Batch 20/313 | Train Loss: 0.3428
2025-11-13 09:22:00,196 - INFO - Epoch 1/100 | Batch 30/313 | Train Loss: 0.3386
2025-11-13 09:22:42,906 - INFO - Epoch 1/100 | Batch 40/313 | Train Loss: 0.3516
2025-11-13 09:31:05,942 - INFO - 使用设备：cuda
2025-11-13 09:31:06,406 - INFO - 
数据集加载完成：
2025-11-13 09:31:06,406 - INFO - 训练集：10000个样本块（48×48）
2025-11-13 09:31:06,406 - INFO - 验证集：4张完整图像
2025-11-13 09:31:06,406 - INFO - 测试集：20张完整图像
2025-11-13 09:31:06,573 - INFO - 模型初始化完成：LightM-UNet（参数量：1.02 M）
2025-11-13 09:31:06,575 - INFO - 
开始训练（共100轮）：
2025-11-13 09:32:38,045 - INFO - 使用设备：cuda
2025-11-13 09:32:38,503 - INFO - 
数据集加载完成：
2025-11-13 09:32:38,504 - INFO - 训练集：10000个样本块（48×48）
2025-11-13 09:32:38,504 - INFO - 验证集：4张完整图像
2025-11-13 09:32:38,504 - INFO - 测试集：20张完整图像
2025-11-13 09:32:38,663 - INFO - 模型初始化完成：LightM-UNet（参数量：1.02 M）
2025-11-13 09:32:38,665 - INFO - 
开始训练（共100轮）：
2025-11-13 09:33:12,392 - INFO - Epoch 1/100 | Batch 10/313 | Train Loss: 0.4799
2025-11-13 09:33:45,642 - INFO - Epoch 1/100 | Batch 20/313 | Train Loss: 0.4307
2025-11-13 09:34:18,576 - INFO - Epoch 1/100 | Batch 30/313 | Train Loss: 0.3601
2025-11-13 09:34:51,676 - INFO - Epoch 1/100 | Batch 40/313 | Train Loss: 0.3345
2025-11-13 09:35:24,688 - INFO - Epoch 1/100 | Batch 50/313 | Train Loss: 0.3304
2025-11-13 09:35:57,893 - INFO - Epoch 1/100 | Batch 60/313 | Train Loss: 0.3297
2025-11-13 09:36:31,048 - INFO - Epoch 1/100 | Batch 70/313 | Train Loss: 0.3295
2025-11-13 09:37:04,172 - INFO - Epoch 1/100 | Batch 80/313 | Train Loss: 0.3295
2025-11-13 09:37:37,186 - INFO - Epoch 1/100 | Batch 90/313 | Train Loss: 0.3294
2025-11-13 09:38:10,412 - INFO - Epoch 1/100 | Batch 100/313 | Train Loss: 0.3294
2025-11-13 09:38:43,525 - INFO - Epoch 1/100 | Batch 110/313 | Train Loss: 0.3294
2025-11-13 09:39:16,565 - INFO - Epoch 1/100 | Batch 120/313 | Train Loss: 0.3293
2025-11-13 09:39:49,704 - INFO - Epoch 1/100 | Batch 130/313 | Train Loss: 0.3293
2025-11-13 09:40:22,968 - INFO - Epoch 1/100 | Batch 140/313 | Train Loss: 0.3293
2025-11-13 09:40:55,899 - INFO - Epoch 1/100 | Batch 150/313 | Train Loss: 0.3293
2025-11-13 09:41:29,029 - INFO - Epoch 1/100 | Batch 160/313 | Train Loss: 0.3293
2025-11-13 09:42:02,235 - INFO - Epoch 1/100 | Batch 170/313 | Train Loss: 0.3293
2025-11-13 09:42:42,632 - INFO - 使用设备：cuda
2025-11-13 09:42:43,089 - INFO - 
数据集加载完成：
2025-11-13 09:42:43,089 - INFO - 训练集：10000个样本块（48×48）
2025-11-13 09:42:43,089 - INFO - 验证集：4张完整图像
2025-11-13 09:42:43,090 - INFO - 测试集：20张完整图像
2025-11-13 09:42:43,247 - INFO - 模型初始化完成：LightM-UNet（参数量：1.02 M）
2025-11-13 09:42:43,248 - INFO - 
开始训练（共100轮）：
2025-11-13 09:43:09,791 - INFO - 使用设备：cuda
2025-11-13 09:43:10,240 - INFO - 
数据集加载完成：
2025-11-13 09:43:10,240 - INFO - 训练集：10000个样本块（48×48）
2025-11-13 09:43:10,240 - INFO - 验证集：4张完整图像
2025-11-13 09:43:10,240 - INFO - 测试集：20张完整图像
2025-11-13 09:43:10,406 - INFO - 模型初始化完成：LightM-UNet（参数量：1.02 M）
2025-11-13 09:43:10,407 - INFO - 
开始训练（共100轮）：
2025-11-13 09:43:11,628 - INFO - Epoch 1/100 | Batch 10/313 | Train Loss: 0.4850
2025-11-13 09:43:12,157 - INFO - Epoch 1/100 | Batch 20/313 | Train Loss: 0.3963
2025-11-13 09:43:12,704 - INFO - Epoch 1/100 | Batch 30/313 | Train Loss: 0.3434
2025-11-13 09:43:13,231 - INFO - Epoch 1/100 | Batch 40/313 | Train Loss: 0.3326
2025-11-13 09:43:13,767 - INFO - Epoch 1/100 | Batch 50/313 | Train Loss: 0.3304
2025-11-13 09:43:14,295 - INFO - Epoch 1/100 | Batch 60/313 | Train Loss: 0.3299
2025-11-13 09:43:14,829 - INFO - Epoch 1/100 | Batch 70/313 | Train Loss: 0.3296
2025-11-13 09:43:15,367 - INFO - Epoch 1/100 | Batch 80/313 | Train Loss: 0.3295
2025-11-13 09:43:15,899 - INFO - Epoch 1/100 | Batch 90/313 | Train Loss: 0.3295
2025-11-13 09:43:16,449 - INFO - Epoch 1/100 | Batch 100/313 | Train Loss: 0.3294
2025-11-13 09:43:16,985 - INFO - Epoch 1/100 | Batch 110/313 | Train Loss: 0.3294
2025-11-13 09:43:17,543 - INFO - Epoch 1/100 | Batch 120/313 | Train Loss: 0.3294
2025-11-13 09:43:18,080 - INFO - Epoch 1/100 | Batch 130/313 | Train Loss: 0.3294
2025-11-13 09:43:18,611 - INFO - Epoch 1/100 | Batch 140/313 | Train Loss: 0.3294
2025-11-13 09:43:19,139 - INFO - Epoch 1/100 | Batch 150/313 | Train Loss: 0.3293
2025-11-13 09:43:19,687 - INFO - Epoch 1/100 | Batch 160/313 | Train Loss: 0.3293
2025-11-13 09:43:20,229 - INFO - Epoch 1/100 | Batch 170/313 | Train Loss: 0.3293
2025-11-13 09:43:20,777 - INFO - Epoch 1/100 | Batch 180/313 | Train Loss: 0.3293
2025-11-13 09:43:21,317 - INFO - Epoch 1/100 | Batch 190/313 | Train Loss: 0.3293
2025-11-13 09:43:21,851 - INFO - Epoch 1/100 | Batch 200/313 | Train Loss: 0.3293
2025-11-13 09:43:22,385 - INFO - Epoch 1/100 | Batch 210/313 | Train Loss: 0.3293
2025-11-13 09:43:22,921 - INFO - Epoch 1/100 | Batch 220/313 | Train Loss: 0.3293
2025-11-13 09:43:23,461 - INFO - Epoch 1/100 | Batch 230/313 | Train Loss: 0.3293
2025-11-13 09:43:24,000 - INFO - Epoch 1/100 | Batch 240/313 | Train Loss: 0.3293
2025-11-13 09:43:24,537 - INFO - Epoch 1/100 | Batch 250/313 | Train Loss: 0.3293
2025-11-13 09:43:25,083 - INFO - Epoch 1/100 | Batch 260/313 | Train Loss: 0.3293
2025-11-13 09:43:25,614 - INFO - Epoch 1/100 | Batch 270/313 | Train Loss: 0.3293
2025-11-13 09:43:26,157 - INFO - Epoch 1/100 | Batch 280/313 | Train Loss: 0.3293
2025-11-13 09:43:26,688 - INFO - Epoch 1/100 | Batch 290/313 | Train Loss: 0.3293
2025-11-13 09:43:27,220 - INFO - Epoch 1/100 | Batch 300/313 | Train Loss: 0.3293
2025-11-13 09:43:27,750 - INFO - Epoch 1/100 | Batch 310/313 | Train Loss: 0.3293
2025-11-13 09:43:27,943 - INFO - 
Epoch 1/100 | 平均训练损失：0.3394
2025-11-13 09:43:29,714 - INFO - Epoch 1/100 | 验证集指标：
2025-11-13 09:43:29,714 - INFO - 平均IoU：0.0900 | 平均Dice：0.1650 | 平均F1：0.1650
2025-11-13 09:43:29,732 - INFO - ====== 保存最优模型（F1：0.1650）到 /root/autodl-tmp/UNET-ZOO-master/saved_model/lightmunet_paper_best.pth ======
2025-11-13 09:43:30,321 - INFO - Epoch 2/100 | Batch 10/313 | Train Loss: 0.3293
2025-11-13 09:43:30,854 - INFO - Epoch 2/100 | Batch 20/313 | Train Loss: 0.3293
2025-11-13 09:43:31,396 - INFO - Epoch 2/100 | Batch 30/313 | Train Loss: 0.3293
2025-11-13 09:43:31,926 - INFO - Epoch 2/100 | Batch 40/313 | Train Loss: 0.3293
2025-11-13 09:43:32,468 - INFO - Epoch 2/100 | Batch 50/313 | Train Loss: 0.3293
2025-11-13 09:43:33,001 - INFO - Epoch 2/100 | Batch 60/313 | Train Loss: 0.3293
2025-11-13 09:43:33,534 - INFO - Epoch 2/100 | Batch 70/313 | Train Loss: 0.3293
2025-11-13 09:43:34,080 - INFO - Epoch 2/100 | Batch 80/313 | Train Loss: 0.3293
2025-11-13 09:43:34,617 - INFO - Epoch 2/100 | Batch 90/313 | Train Loss: 0.3293
2025-11-13 09:43:35,150 - INFO - Epoch 2/100 | Batch 100/313 | Train Loss: 0.3293
2025-11-13 09:43:35,704 - INFO - Epoch 2/100 | Batch 110/313 | Train Loss: 0.3293
2025-11-13 09:43:36,252 - INFO - Epoch 2/100 | Batch 120/313 | Train Loss: 0.3293
2025-11-13 09:43:36,788 - INFO - Epoch 2/100 | Batch 130/313 | Train Loss: 0.3293
2025-11-13 09:43:37,331 - INFO - Epoch 2/100 | Batch 140/313 | Train Loss: 0.3293
2025-11-13 09:43:37,866 - INFO - Epoch 2/100 | Batch 150/313 | Train Loss: 0.3293
2025-11-13 09:43:38,411 - INFO - Epoch 2/100 | Batch 160/313 | Train Loss: 0.3293
2025-11-13 09:43:38,950 - INFO - Epoch 2/100 | Batch 170/313 | Train Loss: 0.3293
2025-11-13 09:43:39,484 - INFO - Epoch 2/100 | Batch 180/313 | Train Loss: 0.3293
2025-11-13 09:43:40,017 - INFO - Epoch 2/100 | Batch 190/313 | Train Loss: 0.3293
2025-11-13 09:43:40,549 - INFO - Epoch 2/100 | Batch 200/313 | Train Loss: 0.3293
2025-11-13 09:43:41,082 - INFO - Epoch 2/100 | Batch 210/313 | Train Loss: 0.3293
2025-11-13 09:43:41,623 - INFO - Epoch 2/100 | Batch 220/313 | Train Loss: 0.3293
2025-11-13 09:43:42,152 - INFO - Epoch 2/100 | Batch 230/313 | Train Loss: 0.3293
2025-11-13 09:43:42,688 - INFO - Epoch 2/100 | Batch 240/313 | Train Loss: 0.3293
2025-11-13 09:43:43,231 - INFO - Epoch 2/100 | Batch 250/313 | Train Loss: 0.3293
2025-11-13 09:43:43,771 - INFO - Epoch 2/100 | Batch 260/313 | Train Loss: 0.3293
2025-11-13 09:43:44,306 - INFO - Epoch 2/100 | Batch 270/313 | Train Loss: 0.3293
2025-11-13 09:43:44,844 - INFO - Epoch 2/100 | Batch 280/313 | Train Loss: 0.3293
2025-11-13 09:43:45,381 - INFO - Epoch 2/100 | Batch 290/313 | Train Loss: 0.3293
2025-11-13 09:43:45,922 - INFO - Epoch 2/100 | Batch 300/313 | Train Loss: 0.3293
2025-11-13 09:43:46,451 - INFO - Epoch 2/100 | Batch 310/313 | Train Loss: 0.3293
2025-11-13 09:43:46,616 - INFO - 
Epoch 2/100 | 平均训练损失：0.3293
2025-11-13 09:43:48,379 - INFO - Epoch 2/100 | 验证集指标：
2025-11-13 09:43:48,379 - INFO - 平均IoU：0.0900 | 平均Dice：0.1650 | 平均F1：0.1650
2025-11-13 09:43:48,966 - INFO - Epoch 3/100 | Batch 10/313 | Train Loss: 0.3293
2025-11-13 09:43:49,507 - INFO - Epoch 3/100 | Batch 20/313 | Train Loss: 0.3293
2025-11-13 09:43:50,050 - INFO - Epoch 3/100 | Batch 30/313 | Train Loss: 0.3293
2025-11-13 09:43:50,578 - INFO - Epoch 3/100 | Batch 40/313 | Train Loss: 0.3293
2025-11-13 09:43:51,107 - INFO - Epoch 3/100 | Batch 50/313 | Train Loss: 0.3293
2025-11-13 09:43:51,636 - INFO - Epoch 3/100 | Batch 60/313 | Train Loss: 0.3293
2025-11-13 09:43:52,164 - INFO - Epoch 3/100 | Batch 70/313 | Train Loss: 0.3293
2025-11-13 09:43:52,694 - INFO - Epoch 3/100 | Batch 80/313 | Train Loss: 0.3293
2025-11-13 09:43:53,222 - INFO - Epoch 3/100 | Batch 90/313 | Train Loss: 0.3293
2025-11-13 09:43:53,750 - INFO - Epoch 3/100 | Batch 100/313 | Train Loss: 0.3293
2025-11-13 09:43:54,279 - INFO - Epoch 3/100 | Batch 110/313 | Train Loss: 0.3293
2025-11-13 09:43:54,816 - INFO - Epoch 3/100 | Batch 120/313 | Train Loss: 0.3293
2025-11-13 09:43:55,345 - INFO - Epoch 3/100 | Batch 130/313 | Train Loss: 0.3293
2025-11-13 09:43:55,873 - INFO - Epoch 3/100 | Batch 140/313 | Train Loss: 0.3293
2025-11-13 09:43:56,401 - INFO - Epoch 3/100 | Batch 150/313 | Train Loss: 0.3293
2025-11-13 09:43:56,936 - INFO - Epoch 3/100 | Batch 160/313 | Train Loss: 0.3293
2025-11-13 09:43:57,469 - INFO - Epoch 3/100 | Batch 170/313 | Train Loss: 0.3293
2025-11-13 09:43:58,012 - INFO - Epoch 3/100 | Batch 180/313 | Train Loss: 0.3293
2025-11-13 09:43:58,546 - INFO - Epoch 3/100 | Batch 190/313 | Train Loss: 0.3293
2025-11-13 09:43:59,075 - INFO - Epoch 3/100 | Batch 200/313 | Train Loss: 0.3293
2025-11-13 09:43:59,613 - INFO - Epoch 3/100 | Batch 210/313 | Train Loss: 0.3293
2025-11-13 09:44:00,146 - INFO - Epoch 3/100 | Batch 220/313 | Train Loss: 0.3293
2025-11-13 09:44:00,675 - INFO - Epoch 3/100 | Batch 230/313 | Train Loss: 0.3292
2025-11-13 09:44:01,204 - INFO - Epoch 3/100 | Batch 240/313 | Train Loss: 0.3292
2025-11-13 09:44:01,742 - INFO - Epoch 3/100 | Batch 250/313 | Train Loss: 0.3292
2025-11-13 09:44:02,274 - INFO - Epoch 3/100 | Batch 260/313 | Train Loss: 0.3293
